0001_0011_0013_0026_0026.jpg 1 11 13 26 26
0002_0042_0055_0027_0027.jpg 1 42 55 27 27
0003_0032_0022_0052_0052.jpg 1 32 22 52 52
0004_0053_0015_0036_0036.jpg 1 53 15 36 36
0005_0030_0029_0062_0062.jpg 1 30 29 62 62
0006_0039_0013_0040_0040.jpg 1 39 13 40 40
0007_0033_0045_0028_0028.jpg 1 33 45 28 28
0008_0032_0032_0030_0030.jpg 1 32 32 30 30
0009_0023_0011_0068_0068.jpg 1 23 11 68 68
0010_0012_0015_0055_0055.jpg 1 12 15 55 55
0011_0009_0038_0033_0033.jpg 1 9 38 33 33
0012_0020_0022_0058_0058.jpg 1 20 22 58 58
0013_0026_0005_0057_0057.jpg 1 26 5 57 57
0014_0012_0034_0026_0026.jpg 1 12 34 26 26
0015_0009_0014_0043_0043.jpg 1 9 14 43 43
0016_0023_0014_0060_0060.jpg 1 23 14 60 60
0017_0037_0019_0051_0051.jpg 1 37 19 51 51
0018_0009_0006_0041_0041.jpg 1 9 6 41 41
0019_0016_0019_0067_0067.jpg 1 16 19 67 67
0020_0037_0015_0044_0044.jpg 1 37 15 44 44
0021_0008_0008_0040_0040.jpg 1 8 8 40 40
0022_0050_0063_0024_0024.jpg 1 50 63 24 24
0023_0037_0038_0048_0048.jpg 1 37 38 48 48
0024_0004_0028_0062_0062.jpg 1 4 28 62 62
0025_0031_0028_0060_0060.jpg 1 31 28 60 60
0026_0024_0009_0067_0067.jpg 1 24 9 67 67
0027_0037_0027_0057_0057.jpg 1 37 27 57 57
0028_0007_0019_0033_0033.jpg 1 7 19 33 33
0029_0029_0005_0050_0050.jpg 1 29 5 50 50
0030_0029_0042_0029_0029.jpg 1 29 42 29 29
0031_0009_0040_0042_0042.jpg 1 9 40 42 42
0032_0021_0009_0049_0049.jpg 1 21 9 49 49
0033_0004_0025_0055_0055.jpg 1 4 25 55 55
0034_0017_0033_0037_0037.jpg 1 17 33 37 37
0035_0042_0055_0038_0038.jpg 1 42 55 38 38
0036_0043_0048_0028_0028.jpg 1 43 48 28 28
0037_0017_0025_0055_0055.jpg 1 17 25 55 55
0038_0024_0018_0033_0033.jpg 1 24 18 33 33
0039_0026_0006_0054_0054.jpg 1 26 6 54 54
0040_0024_0024_0039_0039.jpg 1 24 24 39 39
0041_0021_0030_0046_0046.jpg 1 21 30 46 46
0042_0025_0010_0040_0040.jpg 1 25 10 40 40
0043_0033_0028_0055_0055.jpg 1 33 28 55 55
0044_0047_0014_0031_0031.jpg 1 47 14 31 31
0045_0027_0050_0040_0040.jpg 1 27 50 40 40
0046_0006_0037_0048_0048.jpg 1 6 37 48 48
0047_0051_0027_0042_0042.jpg 1 51 27 42 42
0048_0019_0038_0035_0035.jpg 1 19 38 35 35
0049_0037_0035_0052_0052.jpg 1 37 35 52 52
0050_0034_0024_0041_0041.jpg 1 34 24 41 41
0051_0048_0013_0043_0043.jpg 1 48 13 43 43
0052_0060_0022_0025_0025.jpg 1 60 22 25 25
0053_0035_0019_0047_0047.jpg 1 35 19 47 47
0054_0017_0018_0050_0050.jpg 1 17 18 50 50
0055_0046_0046_0045_0045.jpg 1 46 46 45 45
0056_0022_0056_0031_0031.jpg 1 22 56 31 31
0057_0017_0009_0032_0032.jpg 1 17 9 32 32
0058_0010_0030_0054_0054.jpg 1 10 30 54 54
0059_0012_0029_0049_0049.jpg 1 12 29 49 49
0060_0022_0015_0066_0066.jpg 1 22 15 66 66
0061_0035_0008_0054_0054.jpg 1 35 8 54 54
0062_0019_0028_0061_0061.jpg 1 19 28 61 61
0063_0026_0006_0054_0054.jpg 1 26 6 54 54
0064_0018_0015_0069_0069.jpg 1 18 15 69 69
0065_0013_0036_0056_0056.jpg 1 13 36 56 56
0066_0033_0013_0055_0055.jpg 1 33 13 55 55
0067_0019_0025_0068_0068.jpg 1 19 25 68 68
0068_0027_0020_0057_0057.jpg 1 27 20 57 57
0069_0044_0039_0040_0040.jpg 1 44 39 40 40
0070_0025_0018_0046_0046.jpg 1 25 18 46 46
0071_0037_0055_0028_0028.jpg 1 37 55 28 28
0072_0024_0026_0068_0068.jpg 1 24 26 68 68
0073_0005_0034_0050_0050.jpg 1 5 34 50 50
0074_0016_0023_0052_0052.jpg 1 16 23 52 52
0075_0033_0006_0045_0045.jpg 1 33 6 45 45
0076_0066_0064_0024_0024.jpg 1 66 64 24 24
0077_0008_0013_0041_0041.jpg 1 8 13 41 41
0078_0050_0015_0035_0035.jpg 1 50 15 35 35
0079_0052_0043_0038_0038.jpg 1 52 43 38 38
0080_0048_0036_0038_0038.jpg 1 48 36 38 38
0081_0023_0026_0067_0067.jpg 1 23 26 67 67
0082_0037_0043_0050_0050.jpg 1 37 43 50 50
0083_0036_0014_0038_0038.jpg 1 36 14 38 38
0084_0030_0032_0055_0055.jpg 1 30 32 55 55
0085_0031_0026_0040_0040.jpg 1 31 26 40 40
0086_0031_0016_0037_0037.jpg 1 31 16 37 37
0087_0020_0039_0030_0030.jpg 1 20 39 30 30
0088_0021_0048_0038_0038.jpg 1 21 48 38 38
0089_0019_0018_0058_0058.jpg 1 19 18 58 58
0090_0012_0015_0067_0067.jpg 1 12 15 67 67
0091_0015_0028_0037_0037.jpg 1 15 28 37 37
0092_0029_0013_0052_0052.jpg 1 29 13 52 52
0093_0013_0024_0059_0059.jpg 1 13 24 59 59
0094_0047_0040_0040_0040.jpg 1 47 40 40 40
0095_0026_0036_0025_0025.jpg 1 26 36 25 25
0096_0007_0027_0066_0066.jpg 1 7 27 66 66
0097_0012_0021_0037_0037.jpg 1 12 21 37 37
0098_0021_0019_0059_0059.jpg 1 21 19 59 59
0099_0029_0045_0029_0029.jpg 1 29 45 29 29
0100_0024_0029_0031_0031.jpg 1 24 29 31 31
0101_0040_0020_0033_0033.jpg 1 40 20 33 33
0102_0007_0033_0053_0053.jpg 1 7 33 53 53
0103_0054_0036_0030_0030.jpg 1 54 36 30 30
0104_0031_0006_0033_0033.jpg 1 31 6 33 33
0105_0018_0023_0065_0065.jpg 1 18 23 65 65
0106_0046_0007_0031_0031.jpg 1 46 7 31 31
0107_0021_0024_0068_0068.jpg 1 21 24 68 68
0108_0014_0027_0034_0034.jpg 1 14 27 34 34
0109_0032_0036_0025_0025.jpg 1 32 36 25 25
0110_0006_0033_0063_0063.jpg 1 6 33 63 63
0111_0040_0048_0036_0036.jpg 1 40 48 36 36
0112_0032_0017_0063_0063.jpg 1 32 17 63 63
0113_0037_0039_0035_0035.jpg 1 37 39 35 35
0114_0013_0016_0032_0032.jpg 1 13 16 32 32
0115_0027_0036_0058_0058.jpg 1 27 36 58 58
0116_0018_0026_0049_0049.jpg 1 18 26 49 49
0117_0016_0009_0038_0038.jpg 1 16 9 38 38
0118_0058_0064_0027_0027.jpg 1 58 64 27 27
0119_0007_0011_0044_0044.jpg 1 7 11 44 44
0120_0031_0028_0058_0058.jpg 1 31 28 58 58
0121_0025_0049_0029_0029.jpg 1 25 49 29 29
0122_0030_0014_0063_0063.jpg 1 30 14 63 63
0123_0033_0010_0062_0062.jpg 1 33 10 62 62
0124_0030_0007_0050_0050.jpg 1 30 7 50 50
0125_0035_0030_0059_0059.jpg 1 35 30 59 59
0126_0042_0026_0035_0035.jpg 1 42 26 35 35
0127_0004_0021_0067_0067.jpg 1 4 21 67 67
0128_0033_0041_0044_0044.jpg 1 33 41 44 44
0129_0022_0013_0045_0045.jpg 1 22 13 45 45
0130_0018_0024_0057_0057.jpg 1 18 24 57 57
0131_0010_0014_0067_0067.jpg 1 10 14 67 67
0132_0060_0047_0027_0027.jpg 1 60 47 27 27
0133_0022_0010_0056_0056.jpg 1 22 10 56 56
0134_0054_0042_0035_0035.jpg 1 54 42 35 35
0135_0035_0052_0030_0030.jpg 1 35 52 30 30
0136_0007_0009_0069_0069.jpg 1 7 9 69 69
0137_0007_0025_0060_0060.jpg 1 7 25 60 60
0138_0026_0025_0067_0067.jpg 1 26 25 67 67
0139_0009_0003_0069_0069.jpg 1 9 3 69 69
0140_0009_0007_0065_0065.jpg 1 9 7 65 65
0141_0018_0010_0060_0060.jpg 1 18 10 60 60
0142_0029_0054_0033_0033.jpg 1 29 54 33 33
0143_0052_0040_0027_0027.jpg 1 52 40 27 27
0144_0039_0011_0052_0052.jpg 1 39 11 52 52
0145_0030_0040_0050_0050.jpg 1 30 40 50 50
0146_0042_0044_0041_0041.jpg 1 42 44 41 41
0147_0020_0044_0041_0041.jpg 1 20 44 41 41
0148_0028_0010_0040_0040.jpg 1 28 10 40 40
0149_0039_0028_0048_0048.jpg 1 39 28 48 48
0150_0013_0016_0063_0063.jpg 1 13 16 63 63
0151_0009_0009_0052_0052.jpg 1 9 9 52 52
0152_0031_0025_0033_0033.jpg 1 31 25 33 33
0153_0043_0038_0046_0046.jpg 1 43 38 46 46
0154_0007_0016_0040_0040.jpg 1 7 16 40 40
0155_0017_0021_0061_0061.jpg 1 17 21 61 61
0156_0023_0012_0056_0056.jpg 1 23 12 56 56
0157_0011_0029_0035_0035.jpg 1 11 29 35 35
0158_0028_0023_0068_0068.jpg 1 28 23 68 68
0159_0025_0022_0051_0051.jpg 1 25 22 51 51
0160_0048_0015_0046_0046.jpg 1 48 15 46 46
0161_0010_0042_0046_0046.jpg 1 10 42 46 46
0162_0019_0025_0059_0059.jpg 1 19 25 59 59
0163_0042_0037_0034_0034.jpg 1 42 37 34 34
0164_0032_0054_0033_0033.jpg 1 32 54 33 33
0165_0009_0040_0054_0054.jpg 1 9 40 54 54
0166_0032_0014_0056_0056.jpg 1 32 14 56 56
0167_0055_0059_0033_0033.jpg 1 55 59 33 33
0168_0006_0008_0061_0061.jpg 1 6 8 61 61
0169_0035_0014_0058_0058.jpg 1 35 14 58 58
0170_0063_0046_0028_0028.jpg 1 63 46 28 28
0171_0054_0026_0039_0039.jpg 1 54 26 39 39
0172_0023_0015_0045_0045.jpg 1 23 15 45 45
0173_0013_0010_0066_0066.jpg 1 13 10 66 66
0174_0016_0020_0053_0053.jpg 1 16 20 53 53
0175_0049_0050_0026_0026.jpg 1 49 50 26 26
0176_0040_0027_0037_0037.jpg 1 40 27 37 37
0177_0021_0028_0033_0033.jpg 1 21 28 33 33
0178_0032_0024_0050_0050.jpg 1 32 24 50 50
0179_0054_0041_0039_0039.jpg 1 54 41 39 39
0180_0007_0020_0069_0069.jpg 1 7 20 69 69
0181_0021_0045_0030_0030.jpg 1 21 45 30 30
0182_0040_0011_0039_0039.jpg 1 40 11 39 39
0183_0013_0035_0042_0042.jpg 1 13 35 42 42
0184_0027_0041_0053_0053.jpg 1 27 41 53 53
0185_0020_0024_0061_0061.jpg 1 20 24 61 61
0186_0009_0029_0055_0055.jpg 1 9 29 55 55
0187_0040_0044_0045_0045.jpg 1 40 44 45 45
0188_0011_0026_0056_0056.jpg 1 11 26 56 56
0189_0031_0043_0029_0029.jpg 1 31 43 29 29
0190_0019_0051_0043_0043.jpg 1 19 51 43 43
0191_0043_0037_0041_0041.jpg 1 43 37 41 41
0192_0004_0018_0057_0057.jpg 1 4 18 57 57
0193_0009_0011_0064_0064.jpg 1 9 11 64 64
0194_0028_0039_0046_0046.jpg 1 28 39 46 46
0195_0024_0024_0064_0064.jpg 1 24 24 64 64
0196_0016_0029_0055_0055.jpg 1 16 29 55 55
0197_0026_0008_0054_0054.jpg 1 26 8 54 54
0198_0031_0024_0041_0041.jpg 1 31 24 41 41
0199_0024_0014_0029_0029.jpg 1 24 14 29 29
0200_0040_0060_0025_0025.jpg 1 40 60 25 25
0201_0009_0011_0063_0063.jpg 1 9 11 63 63
0202_0041_0015_0036_0036.jpg 1 41 15 36 36
0203_0026_0040_0029_0029.jpg 1 26 40 29 29
0204_0045_0050_0042_0042.jpg 1 45 50 42 42
0205_0007_0010_0069_0069.jpg 1 7 10 69 69
0206_0019_0014_0068_0068.jpg 1 19 14 68 68
0207_0023_0030_0059_0059.jpg 1 23 30 59 59
0208_0014_0008_0069_0069.jpg 1 14 8 69 69
0209_0053_0044_0024_0024.jpg 1 53 44 24 24
0210_0016_0043_0048_0048.jpg 1 16 43 48 48
0211_0051_0063_0027_0027.jpg 1 51 63 27 27
0212_0016_0024_0035_0035.jpg 1 16 24 35 35
0213_0033_0009_0046_0046.jpg 1 33 9 46 46
0214_0030_0029_0025_0025.jpg 1 30 29 25 25
0215_0010_0022_0065_0065.jpg 1 10 22 65 65
0216_0039_0030_0051_0051.jpg 1 39 30 51 51
0217_0017_0036_0056_0056.jpg 1 17 36 56 56
0218_0028_0014_0063_0063.jpg 1 28 14 63 63
0219_0012_0037_0032_0032.jpg 1 12 37 32 32
0220_0008_0021_0062_0062.jpg 1 8 21 62 62
0221_0045_0008_0031_0031.jpg 1 45 8 31 31
0222_0011_0042_0046_0046.jpg 1 11 42 46 46
0223_0012_0030_0042_0042.jpg 1 12 30 42 42
0224_0029_0023_0066_0066.jpg 1 29 23 66 66
0225_0028_0013_0061_0061.jpg 1 28 13 61 61
0226_0027_0008_0066_0066.jpg 1 27 8 66 66
0227_0027_0015_0065_0065.jpg 1 27 15 65 65
0228_0025_0006_0061_0061.jpg 1 25 6 61 61
0229_0022_0035_0049_0049.jpg 1 22 35 49 49
0230_0014_0054_0039_0039.jpg 1 14 54 39 39
0231_0010_0009_0062_0062.jpg 1 10 9 62 62
0232_0031_0038_0033_0033.jpg 1 31 38 33 33
0233_0012_0024_0066_0066.jpg 1 12 24 66 66
0234_0006_0023_0057_0057.jpg 1 6 23 57 57
0235_0015_0005_0061_0061.jpg 1 15 5 61 61
0236_0021_0026_0067_0067.jpg 1 21 26 67 67
0237_0034_0034_0054_0054.jpg 1 34 34 54 54
0238_0005_0021_0068_0068.jpg 1 5 21 68 68
0239_0039_0033_0025_0025.jpg 1 39 33 25 25
0240_0032_0004_0060_0060.jpg 1 32 4 60 60
0241_0017_0026_0062_0062.jpg 1 17 26 62 62
0242_0023_0013_0039_0039.jpg 1 23 13 39 39
0243_0030_0012_0065_0065.jpg 1 30 12 65 65
0244_0016_0014_0029_0029.jpg 1 16 14 29 29
0245_0044_0023_0036_0036.jpg 1 44 23 36 36
0246_0036_0063_0024_0024.jpg 1 36 63 24 24
0247_0011_0007_0064_0064.jpg 1 11 7 64 64
0248_0006_0019_0060_0060.jpg 1 6 19 60 60
0249_0020_0017_0067_0067.jpg 1 20 17 67 67
0250_0014_0010_0037_0037.jpg 1 14 10 37 37
0251_0018_0024_0026_0026.jpg 1 18 24 26 26
0252_0059_0045_0026_0026.jpg 1 59 45 26 26
0253_0011_0020_0061_0061.jpg 1 11 20 61 61
0254_0025_0038_0041_0041.jpg 1 25 38 41 41
0255_0017_0036_0056_0056.jpg 1 17 36 56 56
0256_0005_0021_0066_0066.jpg 1 5 21 66 66
0257_0005_0035_0059_0059.jpg 1 5 35 59 59
0258_0020_0020_0065_0065.jpg 1 20 20 65 65
0259_0019_0032_0061_0061.jpg 1 19 32 61 61
0260_0006_0040_0054_0054.jpg 1 6 40 54 54
0261_0022_0057_0024_0024.jpg 1 22 57 24 24
0262_0031_0012_0029_0029.jpg 1 31 12 29 29
0263_0029_0005_0055_0055.jpg 1 29 5 55 55
0264_0023_0016_0044_0044.jpg 1 23 16 44 44
0265_0033_0012_0026_0026.jpg 1 33 12 26 26
0266_0057_0054_0024_0024.jpg 1 57 54 24 24
0267_0015_0035_0059_0059.jpg 1 15 35 59 59
0268_0024_0048_0044_0044.jpg 1 24 48 44 44
0269_0040_0011_0047_0047.jpg 1 40 11 47 47
0270_0021_0013_0038_0038.jpg 1 21 13 38 38
0271_0023_0018_0043_0043.jpg 1 23 18 43 43
0272_0028_0034_0055_0055.jpg 1 28 34 55 55
0273_0012_0023_0028_0028.jpg 1 12 23 28 28
0274_0026_0008_0048_0048.jpg 1 26 8 48 48
0275_0023_0033_0049_0049.jpg 1 23 33 49 49
0276_0027_0027_0052_0052.jpg 1 27 27 52 52
0277_0021_0006_0065_0065.jpg 1 21 6 65 65
0278_0022_0016_0024_0024.jpg 1 22 16 24 24
0279_0036_0006_0048_0048.jpg 1 36 6 48 48
0280_0018_0047_0045_0045.jpg 1 18 47 45 45
0281_0047_0049_0030_0030.jpg 1 47 49 30 30
0282_0026_0051_0026_0026.jpg 1 26 51 26 26
0283_0036_0007_0058_0058.jpg 1 36 7 58 58
0284_0016_0048_0029_0029.jpg 1 16 48 29 29
0285_0023_0004_0065_0065.jpg 1 23 4 65 65
0286_0008_0003_0069_0069.jpg 1 8 3 69 69
0287_0035_0016_0051_0051.jpg 1 35 16 51 51
0288_0018_0034_0050_0050.jpg 1 18 34 50 50
0289_0025_0028_0024_0024.jpg 1 25 28 24 24
0290_0037_0032_0052_0052.jpg 1 37 32 52 52
0291_0037_0023_0046_0046.jpg 1 37 23 46 46
0292_0025_0030_0057_0057.jpg 1 25 30 57 57
0293_0037_0042_0027_0027.jpg 1 37 42 27 27
0294_0017_0013_0049_0049.jpg 1 17 13 49 49
0295_0007_0039_0052_0052.jpg 1 7 39 52 52
0296_0020_0010_0054_0054.jpg 1 20 10 54 54
0297_0047_0013_0029_0029.jpg 1 47 13 29 29
0298_0030_0034_0040_0040.jpg 1 30 34 40 40
0299_0004_0005_0065_0065.jpg 1 4 5 65 65
0300_0008_0014_0043_0043.jpg 1 8 14 43 43
0301_0049_0007_0042_0042.jpg 1 49 7 42 42
0302_0030_0051_0026_0026.jpg 1 30 51 26 26
0303_0020_0034_0048_0048.jpg 1 20 34 48 48
0304_0050_0013_0032_0032.jpg 1 50 13 32 32
0305_0015_0042_0051_0051.jpg 1 15 42 51 51
0306_0044_0047_0026_0026.jpg 1 44 47 26 26
0307_0040_0039_0053_0053.jpg 1 40 39 53 53
0308_0028_0011_0047_0047.jpg 1 28 11 47 47
0309_0012_0049_0037_0037.jpg 1 12 49 37 37
0310_0004_0009_0063_0063.jpg 1 4 9 63 63
0311_0019_0016_0067_0067.jpg 1 19 16 67 67
0312_0008_0007_0058_0058.jpg 1 8 7 58 58
0313_0028_0019_0065_0065.jpg 1 28 19 65 65
0314_0066_0042_0025_0025.jpg 1 66 42 25 25
0315_0006_0020_0053_0053.jpg 1 6 20 53 53
0316_0017_0044_0036_0036.jpg 1 17 44 36 36
0317_0025_0013_0038_0038.jpg 1 25 13 38 38
0318_0028_0032_0031_0031.jpg 1 28 32 31 31
0319_0008_0017_0055_0055.jpg 1 8 17 55 55
0320_0007_0007_0047_0047.jpg 1 7 7 47 47
0321_0025_0029_0041_0041.jpg 1 25 29 41 41
0322_0033_0029_0043_0043.jpg 1 33 29 43 43
0323_0064_0012_0027_0027.jpg 1 64 12 27 27
0324_0041_0043_0051_0051.jpg 1 41 43 51 51
0325_0007_0012_0062_0062.jpg 1 7 12 62 62
0326_0021_0028_0063_0063.jpg 1 21 28 63 63
0327_0006_0008_0036_0036.jpg 1 6 8 36 36
0328_0026_0011_0043_0043.jpg 1 26 11 43 43
0329_0028_0025_0054_0054.jpg 1 28 25 54 54
0330_0013_0014_0059_0059.jpg 1 13 14 59 59
0331_0025_0028_0064_0064.jpg 1 25 28 64 64
0332_0012_0028_0057_0057.jpg 1 12 28 57 57
0333_0034_0036_0050_0050.jpg 1 34 36 50 50
0334_0041_0037_0050_0050.jpg 1 41 37 50 50
0335_0021_0031_0049_0049.jpg 1 21 31 49 49
0336_0037_0040_0035_0035.jpg 1 37 40 35 35
0337_0013_0037_0055_0055.jpg 1 13 37 55 55
0338_0033_0013_0034_0034.jpg 1 33 13 34 34
0339_0044_0049_0031_0031.jpg 1 44 49 31 31
0340_0062_0043_0027_0027.jpg 1 62 43 27 27
0341_0010_0017_0056_0056.jpg 1 10 17 56 56
0342_0032_0018_0055_0055.jpg 1 32 18 55 55
0343_0006_0014_0062_0062.jpg 1 6 14 62 62
0344_0040_0024_0043_0043.jpg 1 40 24 43 43
0345_0010_0031_0063_0063.jpg 1 10 31 63 63
0346_0028_0027_0066_0066.jpg 1 28 27 66 66
0347_0050_0043_0028_0028.jpg 1 50 43 28 28
0348_0051_0021_0041_0041.jpg 1 51 21 41 41
0349_0015_0021_0062_0062.jpg 1 15 21 62 62
0350_0028_0019_0056_0056.jpg 1 28 19 56 56
0351_0020_0038_0050_0050.jpg 1 20 38 50 50
0352_0029_0040_0050_0050.jpg 1 29 40 50 50
0353_0039_0040_0046_0046.jpg 1 39 40 46 46
0354_0016_0024_0064_0064.jpg 1 16 24 64 64
0355_0021_0035_0056_0056.jpg 1 21 35 56 56
0356_0008_0025_0059_0059.jpg 1 8 25 59 59
0357_0006_0018_0046_0046.jpg 1 6 18 46 46
0358_0020_0015_0049_0049.jpg 1 20 15 49 49
0359_0013_0024_0056_0056.jpg 1 13 24 56 56
0360_0020_0023_0056_0056.jpg 1 20 23 56 56
0361_0023_0009_0058_0058.jpg 1 23 9 58 58
0362_0005_0008_0059_0059.jpg 1 5 8 59 59
0363_0048_0013_0036_0036.jpg 1 48 13 36 36
0364_0012_0033_0062_0062.jpg 1 12 33 62 62
0365_0007_0018_0062_0062.jpg 1 7 18 62 62
0366_0022_0037_0057_0057.jpg 1 22 37 57 57
0367_0047_0026_0043_0043.jpg 1 47 26 43 43
0368_0040_0027_0027_0027.jpg 1 40 27 27 27
0369_0017_0010_0027_0027.jpg 1 17 10 27 27
0370_0036_0012_0050_0050.jpg 1 36 12 50 50
0371_0029_0018_0060_0060.jpg 1 29 18 60 60
0372_0016_0023_0043_0043.jpg 1 16 23 43 43
0373_0025_0005_0043_0043.jpg 1 25 5 43 43
0374_0040_0052_0033_0033.jpg 1 40 52 33 33
0375_0025_0030_0036_0036.jpg 1 25 30 36 36
0376_0005_0023_0069_0069.jpg 1 5 23 69 69
0377_0028_0023_0034_0034.jpg 1 28 23 34 34
0378_0045_0012_0030_0030.jpg 1 45 12 30 30
0379_0054_0040_0038_0038.jpg 1 54 40 38 38
0380_0031_0011_0052_0052.jpg 1 31 11 52 52
0381_0021_0022_0048_0048.jpg 1 21 22 48 48
0382_0035_0008_0048_0048.jpg 1 35 8 48 48
0383_0037_0028_0040_0040.jpg 1 37 28 40 40
0384_0042_0009_0045_0045.jpg 1 42 9 45 45
0385_0010_0007_0059_0059.jpg 1 10 7 59 59
0386_0006_0026_0046_0046.jpg 1 6 26 46 46
0387_0047_0012_0030_0030.jpg 1 47 12 30 30
0388_0037_0031_0054_0054.jpg 1 37 31 54 54
0389_0030_0034_0056_0056.jpg 1 30 34 56 56
0390_0027_0019_0025_0025.jpg 1 27 19 25 25
0391_0040_0047_0043_0043.jpg 1 40 47 43 43
0392_0016_0016_0065_0065.jpg 1 16 16 65 65
0393_0039_0007_0032_0032.jpg 1 39 7 32 32
0394_0006_0017_0068_0068.jpg 1 6 17 68 68
0395_0044_0030_0046_0046.jpg 1 44 30 46 46
0396_0031_0037_0039_0039.jpg 1 31 37 39 39
0397_0045_0035_0032_0032.jpg 1 45 35 32 32
0398_0058_0052_0031_0031.jpg 1 58 52 31 31
0399_0038_0036_0038_0038.jpg 1 38 36 38 38
0400_0024_0034_0043_0043.jpg 1 24 34 43 43
0401_0004_0007_0059_0059.jpg 1 4 7 59 59
0402_0013_0020_0044_0044.jpg 1 13 20 44 44
0403_0033_0005_0055_0055.jpg 1 33 5 55 55
0404_0044_0033_0031_0031.jpg 1 44 33 31 31
0405_0023_0025_0039_0039.jpg 1 23 25 39 39
0406_0040_0019_0054_0054.jpg 1 40 19 54 54
0407_0013_0024_0028_0028.jpg 1 13 24 28 28
0408_0026_0022_0068_0068.jpg 1 26 22 68 68
0409_0022_0014_0063_0063.jpg 1 22 14 63 63
0410_0026_0044_0030_0030.jpg 1 26 44 30 30
0411_0048_0019_0040_0040.jpg 1 48 19 40 40
0412_0032_0028_0037_0037.jpg 1 32 28 37 37
0413_0027_0017_0066_0066.jpg 1 27 17 66 66
0414_0060_0026_0027_0027.jpg 1 60 26 27 27
0415_0019_0020_0064_0064.jpg 1 19 20 64 64
0416_0022_0038_0042_0042.jpg 1 22 38 42 42
0417_0052_0016_0034_0034.jpg 1 52 16 34 34
0418_0027_0022_0037_0037.jpg 1 27 22 37 37
0419_0059_0040_0026_0026.jpg 1 59 40 26 26
0420_0035_0061_0031_0031.jpg 1 35 61 31 31
0421_0028_0029_0062_0062.jpg 1 28 29 62 62
0422_0008_0031_0024_0024.jpg 1 8 31 24 24
0423_0026_0011_0041_0041.jpg 1 26 11 41 41
0424_0014_0007_0060_0060.jpg 1 14 7 60 60
0425_0025_0037_0040_0040.jpg 1 25 37 40 40
0426_0022_0057_0026_0026.jpg 1 22 57 26 26
0427_0014_0005_0062_0062.jpg 1 14 5 62 62
0428_0037_0042_0048_0048.jpg 1 37 42 48 48
0429_0012_0005_0054_0054.jpg 1 12 5 54 54
0430_0035_0050_0034_0034.jpg 1 35 50 34 34
0431_0007_0026_0069_0069.jpg 1 7 26 69 69
0432_0024_0028_0062_0062.jpg 1 24 28 62 62
0433_0056_0028_0037_0037.jpg 1 56 28 37 37
0434_0032_0025_0053_0053.jpg 1 32 25 53 53
0435_0038_0030_0050_0050.jpg 1 38 30 50 50
0436_0013_0025_0058_0058.jpg 1 13 25 58 58
0437_0047_0022_0044_0044.jpg 1 47 22 44 44
0438_0051_0007_0035_0035.jpg 1 51 7 35 35
0439_0039_0015_0048_0048.jpg 1 39 15 48 48
0440_0012_0033_0057_0057.jpg 1 12 33 57 57
0441_0008_0056_0024_0024.jpg 1 8 56 24 24
0442_0019_0040_0055_0055.jpg 1 19 40 55 55
0443_0028_0006_0062_0062.jpg 1 28 6 62 62
0444_0032_0027_0053_0053.jpg 1 32 27 53 53
0445_0010_0020_0067_0067.jpg 1 10 20 67 67
0446_0012_0009_0066_0066.jpg 1 12 9 66 66
0447_0018_0024_0063_0063.jpg 1 18 24 63 63
0448_0031_0019_0048_0048.jpg 1 31 19 48 48
0449_0045_0007_0048_0048.jpg 1 45 7 48 48
0450_0055_0040_0024_0024.jpg 1 55 40 24 24
0451_0031_0053_0036_0036.jpg 1 31 53 36 36
0452_0015_0015_0054_0054.jpg 1 15 15 54 54
0453_0034_0049_0025_0025.jpg 1 34 49 25 25
0454_0026_0033_0039_0039.jpg 1 26 33 39 39
0455_0022_0035_0056_0056.jpg 1 22 35 56 56
0456_0008_0039_0031_0031.jpg 1 8 39 31 31
0457_0032_0025_0040_0040.jpg 1 32 25 40 40
0458_0066_0059_0025_0025.jpg 1 66 59 25 25
0459_0019_0060_0029_0029.jpg 1 19 60 29 29
0460_0024_0031_0055_0055.jpg 1 24 31 55 55
0461_0010_0052_0041_0041.jpg 1 10 52 41 41
0462_0039_0028_0053_0053.jpg 1 39 28 53 53
0463_0029_0028_0050_0050.jpg 1 29 28 50 50
0464_0017_0005_0062_0062.jpg 1 17 5 62 62
0465_0031_0008_0029_0029.jpg 1 31 8 29 29
0466_0030_0039_0040_0040.jpg 1 30 39 40 40
0467_0016_0031_0060_0060.jpg 1 16 31 60 60
0468_0049_0039_0038_0038.jpg 1 49 39 38 38
0469_0048_0008_0044_0044.jpg 1 48 8 44 44
0470_0040_0023_0054_0054.jpg 1 40 23 54 54
0471_0029_0025_0048_0048.jpg 1 29 25 48 48
0472_0057_0020_0024_0024.jpg 1 57 20 24 24
0473_0020_0034_0059_0059.jpg 1 20 34 59 59
0474_0008_0017_0048_0048.jpg 1 8 17 48 48
0475_0031_0044_0027_0027.jpg 1 31 44 27 27
0476_0039_0028_0041_0041.jpg 1 39 28 41 41
0477_0014_0032_0054_0054.jpg 1 14 32 54 54
0478_0028_0067_0025_0025.jpg 1 28 67 25 25
0479_0026_0008_0066_0066.jpg 1 26 8 66 66
0480_0064_0060_0026_0026.jpg 1 64 60 26 26
0481_0027_0041_0043_0043.jpg 1 27 41 43 43
0482_0029_0013_0028_0028.jpg 1 29 13 28 28
0483_0013_0019_0048_0048.jpg 1 13 19 48 48
0484_0025_0026_0054_0054.jpg 1 25 26 54 54
0485_0034_0026_0045_0045.jpg 1 34 26 45 45
0486_0047_0068_0024_0024.jpg 1 47 68 24 24
0487_0048_0042_0039_0039.jpg 1 48 42 39 39
0488_0029_0021_0056_0056.jpg 1 29 21 56 56
0489_0020_0024_0032_0032.jpg 1 20 24 32 32
0490_0040_0037_0052_0052.jpg 1 40 37 52 52
0491_0022_0013_0060_0060.jpg 1 22 13 60 60
0492_0025_0008_0055_0055.jpg 1 25 8 55 55
0493_0007_0014_0061_0061.jpg 1 7 14 61 61
0494_0034_0021_0062_0062.jpg 1 34 21 62 62
0495_0025_0017_0066_0066.jpg 1 25 17 66 66
0496_0020_0005_0067_0067.jpg 1 20 5 67 67
0497_0011_0053_0027_0027.jpg 1 11 53 27 27
0498_0025_0045_0038_0038.jpg 1 25 45 38 38
0499_0016_0012_0063_0063.jpg 1 16 12 63 63
0500_0056_0013_0036_0036.jpg 1 56 13 36 36
0501_0007_0011_0061_0061.jpg 1 7 11 61 61
0502_0037_0030_0039_0039.jpg 1 37 30 39 39
0503_0023_0011_0061_0061.jpg 1 23 11 61 61
0504_0028_0019_0054_0054.jpg 1 28 19 54 54
0505_0062_0012_0028_0028.jpg 1 62 12 28 28
0506_0013_0023_0039_0039.jpg 1 13 23 39 39
0507_0010_0036_0059_0059.jpg 1 10 36 59 59
0508_0048_0027_0039_0039.jpg 1 48 27 39 39
0509_0029_0029_0057_0057.jpg 1 29 29 57 57
0510_0033_0029_0032_0032.jpg 1 33 29 32 32
0511_0034_0030_0030_0030.jpg 1 34 30 30 30
0512_0027_0027_0034_0034.jpg 1 27 27 34 34
0513_0015_0007_0057_0057.jpg 1 15 7 57 57
0514_0015_0023_0051_0051.jpg 1 15 23 51 51
0515_0036_0008_0044_0044.jpg 1 36 8 44 44
0516_0030_0032_0048_0048.jpg 1 30 32 48 48
0517_0023_0046_0048_0048.jpg 1 23 46 48 48
0518_0042_0015_0040_0040.jpg 1 42 15 40 40
0519_0039_0029_0041_0041.jpg 1 39 29 41 41
0520_0040_0020_0054_0054.jpg 1 40 20 54 54
0521_0025_0040_0045_0045.jpg 1 25 40 45 45
0522_0006_0007_0045_0045.jpg 1 6 7 45 45
0523_0009_0019_0063_0063.jpg 1 9 19 63 63
0524_0019_0029_0024_0024.jpg 1 19 29 24 24
0525_0022_0013_0062_0062.jpg 1 22 13 62 62
0526_0031_0037_0035_0035.jpg 1 31 37 35 35
0527_0015_0041_0044_0044.jpg 1 15 41 44 44
0528_0011_0053_0025_0025.jpg 1 11 53 25 25
0529_0014_0023_0059_0059.jpg 1 14 23 59 59
0530_0022_0051_0041_0041.jpg 1 22 51 41 41
0531_0005_0023_0056_0056.jpg 1 5 23 56 56
0532_0017_0022_0055_0055.jpg 1 17 22 55 55
0533_0032_0036_0051_0051.jpg 1 32 36 51 51
0534_0028_0029_0043_0043.jpg 1 28 29 43 43
0535_0012_0043_0042_0042.jpg 1 12 43 42 42
0536_0033_0008_0052_0052.jpg 1 33 8 52 52
0537_0025_0049_0039_0039.jpg 1 25 49 39 39
0538_0028_0012_0043_0043.jpg 1 28 12 43 43
0539_0027_0051_0040_0040.jpg 1 27 51 40 40
0540_0015_0037_0057_0057.jpg 1 15 37 57 57
0541_0016_0009_0066_0066.jpg 1 16 9 66 66
0542_0011_0017_0049_0049.jpg 1 11 17 49 49
0543_0030_0041_0049_0049.jpg 1 30 41 49 49
0544_0029_0032_0041_0041.jpg 1 29 32 41 41
0545_0008_0013_0024_0024.jpg 1 8 13 24 24
0546_0026_0018_0062_0062.jpg 1 26 18 62 62
0547_0036_0034_0059_0059.jpg 1 36 34 59 59
0548_0036_0030_0058_0058.jpg 1 36 30 58 58
0549_0014_0024_0050_0050.jpg 1 14 24 50 50
0550_0033_0029_0051_0051.jpg 1 33 29 51 51
0551_0019_0018_0068_0068.jpg 1 19 18 68 68
0552_0038_0020_0049_0049.jpg 1 38 20 49 49
0553_0015_0024_0068_0068.jpg 1 15 24 68 68
0554_0009_0010_0049_0049.jpg 1 9 10 49 49
0555_0016_0015_0059_0059.jpg 1 16 15 59 59
0556_0010_0016_0050_0050.jpg 1 10 16 50 50
0557_0040_0042_0047_0047.jpg 1 40 42 47 47
0558_0016_0008_0051_0051.jpg 1 16 8 51 51
0559_0019_0023_0060_0060.jpg 1 19 23 60 60
0560_0035_0029_0052_0052.jpg 1 35 29 52 52
0561_0052_0039_0040_0040.jpg 1 52 39 40 40
0562_0019_0006_0037_0037.jpg 1 19 6 37 37
0563_0019_0017_0060_0060.jpg 1 19 17 60 60
0564_0023_0044_0036_0036.jpg 1 23 44 36 36
0565_0004_0007_0066_0066.jpg 1 4 7 66 66
0566_0027_0021_0033_0033.jpg 1 27 21 33 33
0567_0036_0036_0045_0045.jpg 1 36 36 45 45
0568_0021_0019_0051_0051.jpg 1 21 19 51 51
0569_0018_0033_0044_0044.jpg 1 18 33 44 44
0570_0015_0020_0069_0069.jpg 1 15 20 69 69
0571_0027_0026_0057_0057.jpg 1 27 26 57 57
0572_0009_0020_0024_0024.jpg 1 9 20 24 24
0573_0048_0052_0031_0031.jpg 1 48 52 31 31
0574_0028_0027_0060_0060.jpg 1 28 27 60 60
0575_0030_0018_0035_0035.jpg 1 30 18 35 35
0576_0009_0011_0064_0064.jpg 1 9 11 64 64
0577_0040_0036_0038_0038.jpg 1 40 36 38 38
0578_0030_0031_0034_0034.jpg 1 30 31 34 34
0579_0023_0059_0028_0028.jpg 1 23 59 28 28
0580_0040_0025_0050_0050.jpg 1 40 25 50 50
0581_0028_0028_0062_0062.jpg 1 28 28 62 62
0582_0014_0028_0065_0065.jpg 1 14 28 65 65
0583_0024_0029_0061_0061.jpg 1 24 29 61 61
0584_0007_0019_0068_0068.jpg 1 7 19 68 68
0585_0051_0051_0027_0027.jpg 1 51 51 27 27
0586_0014_0033_0062_0062.jpg 1 14 33 62 62
0587_0027_0028_0024_0024.jpg 1 27 28 24 24
0588_0030_0044_0042_0042.jpg 1 30 44 42 42
0589_0010_0021_0065_0065.jpg 1 10 21 65 65
0590_0039_0029_0051_0051.jpg 1 39 29 51 51
0591_0005_0017_0052_0052.jpg 1 5 17 52 52
0592_0025_0006_0064_0064.jpg 1 25 6 64 64
0593_0036_0028_0025_0025.jpg 1 36 28 25 25
0594_0013_0025_0067_0067.jpg 1 13 25 67 67
0595_0011_0016_0046_0046.jpg 1 11 16 46 46
0596_0010_0017_0048_0048.jpg 1 10 17 48 48
0597_0011_0036_0055_0055.jpg 1 11 36 55 55
0598_0042_0022_0053_0053.jpg 1 42 22 53 53
0599_0021_0005_0066_0066.jpg 1 21 5 66 66
0600_0034_0034_0056_0056.jpg 1 34 34 56 56
0601_0037_0008_0053_0053.jpg 1 37 8 53 53
0602_0027_0015_0067_0067.jpg 1 27 15 67 67
0603_0040_0007_0041_0041.jpg 1 40 7 41 41
0604_0056_0035_0037_0037.jpg 1 56 35 37 37
0605_0006_0050_0042_0042.jpg 1 6 50 42 42
0606_0027_0030_0047_0047.jpg 1 27 30 47 47
0607_0018_0043_0035_0035.jpg 1 18 43 35 35
0608_0017_0012_0064_0064.jpg 1 17 12 64 64
0609_0039_0008_0031_0031.jpg 1 39 8 31 31
0610_0025_0024_0067_0067.jpg 1 25 24 67 67
0611_0028_0058_0026_0026.jpg 1 28 58 26 26
0612_0032_0020_0045_0045.jpg 1 32 20 45 45
0613_0016_0006_0061_0061.jpg 1 16 6 61 61
0614_0032_0022_0063_0063.jpg 1 32 22 63 63
0615_0030_0018_0041_0041.jpg 1 30 18 41 41
0616_0024_0033_0057_0057.jpg 1 24 33 57 57
0617_0020_0029_0067_0067.jpg 1 20 29 67 67
0618_0003_0021_0068_0068.jpg 1 3 21 68 68
0619_0013_0027_0061_0061.jpg 1 13 27 61 61
0620_0009_0021_0038_0038.jpg 1 9 21 38 38
0621_0022_0008_0061_0061.jpg 1 22 8 61 61
0622_0008_0026_0062_0062.jpg 1 8 26 62 62
0623_0012_0008_0060_0060.jpg 1 12 8 60 60
0624_0017_0048_0045_0045.jpg 1 17 48 45 45
0625_0045_0018_0037_0037.jpg 1 45 18 37 37
0626_0025_0021_0062_0062.jpg 1 25 21 62 62
0627_0007_0023_0065_0065.jpg 1 7 23 65 65
0628_0033_0014_0061_0061.jpg 1 33 14 61 61
0629_0043_0038_0046_0046.jpg 1 43 38 46 46
0630_0015_0018_0060_0060.jpg 1 15 18 60 60
0631_0051_0055_0024_0024.jpg 1 51 55 24 24
0632_0021_0011_0064_0064.jpg 1 21 11 64 64
0633_0036_0022_0033_0033.jpg 1 36 22 33 33
0634_0033_0020_0052_0052.jpg 1 33 20 52 52
0635_0020_0010_0062_0062.jpg 1 20 10 62 62
0636_0030_0061_0028_0028.jpg 1 30 61 28 28
0637_0031_0012_0062_0062.jpg 1 31 12 62 62
0638_0032_0016_0052_0052.jpg 1 32 16 52 52
0639_0034_0031_0061_0061.jpg 1 34 31 61 61
0640_0037_0033_0039_0039.jpg 1 37 33 39 39
0641_0034_0008_0043_0043.jpg 1 34 8 43 43
0642_0026_0038_0025_0025.jpg 1 26 38 25 25
0643_0030_0025_0052_0052.jpg 1 30 25 52 52
0644_0003_0013_0063_0063.jpg 1 3 13 63 63
0645_0012_0027_0062_0062.jpg 1 12 27 62 62
0646_0016_0012_0042_0042.jpg 1 16 12 42 42
0647_0018_0030_0053_0053.jpg 1 18 30 53 53
0648_0016_0022_0063_0063.jpg 1 16 22 63 63
0649_0009_0032_0052_0052.jpg 1 9 32 52 52
0650_0008_0028_0053_0053.jpg 1 8 28 53 53
0651_0039_0026_0025_0025.jpg 1 39 26 25 25
0652_0015_0034_0024_0024.jpg 1 15 34 24 24
0653_0028_0029_0045_0045.jpg 1 28 29 45 45
0654_0043_0046_0045_0045.jpg 1 43 46 45 45
0655_0017_0025_0045_0045.jpg 1 17 25 45 45
0656_0053_0026_0036_0036.jpg 1 53 26 36 36
0657_0016_0063_0028_0028.jpg 1 16 63 28 28
0658_0027_0012_0033_0033.jpg 1 27 12 33 33
0659_0009_0007_0038_0038.jpg 1 9 7 38 38
0660_0036_0035_0032_0032.jpg 1 36 35 32 32
0661_0019_0021_0067_0067.jpg 1 19 21 67 67
0662_0030_0021_0064_0064.jpg 1 30 21 64 64
0663_0019_0027_0064_0064.jpg 1 19 27 64 64
0664_0038_0017_0056_0056.jpg 1 38 17 56 56
0665_0031_0012_0035_0035.jpg 1 31 12 35 35
0666_0032_0016_0054_0054.jpg 1 32 16 54 54
0667_0041_0049_0026_0026.jpg 1 41 49 26 26
0668_0046_0037_0041_0041.jpg 1 46 37 41 41
0669_0023_0016_0065_0065.jpg 1 23 16 65 65
0670_0052_0027_0035_0035.jpg 1 52 27 35 35
0671_0027_0007_0032_0032.jpg 1 27 7 32 32
0672_0038_0011_0050_0050.jpg 1 38 11 50 50
0673_0014_0020_0066_0066.jpg 1 14 20 66 66
0674_0025_0015_0066_0066.jpg 1 25 15 66 66
0675_0038_0044_0034_0034.jpg 1 38 44 34 34
0676_0017_0043_0028_0028.jpg 1 17 43 28 28
0677_0009_0053_0035_0035.jpg 1 9 53 35 35
0678_0031_0014_0025_0025.jpg 1 31 14 25 25
0679_0042_0027_0041_0041.jpg 1 42 27 41 41
0680_0027_0010_0067_0067.jpg 1 27 10 67 67
0681_0013_0052_0038_0038.jpg 1 13 52 38 38
0682_0006_0035_0043_0043.jpg 1 6 35 43 43
0683_0049_0048_0044_0044.jpg 1 49 48 44 44
0684_0035_0033_0046_0046.jpg 1 35 33 46 46
0685_0006_0009_0061_0061.jpg 1 6 9 61 61
0686_0006_0034_0042_0042.jpg 1 6 34 42 42
0687_0025_0015_0068_0068.jpg 1 25 15 68 68
0688_0022_0017_0055_0055.jpg 1 22 17 55 55
0689_0017_0006_0048_0048.jpg 1 17 6 48 48
0690_0023_0028_0066_0066.jpg 1 23 28 66 66
0691_0034_0033_0035_0035.jpg 1 34 33 35 35
0692_0011_0020_0038_0038.jpg 1 11 20 38 38
0693_0033_0038_0026_0026.jpg 1 33 38 26 26
0694_0019_0009_0044_0044.jpg 1 19 9 44 44
0695_0005_0008_0064_0064.jpg 1 5 8 64 64
0696_0017_0030_0034_0034.jpg 1 17 30 34 34
0697_0041_0012_0049_0049.jpg 1 41 12 49 49
0698_0049_0024_0044_0044.jpg 1 49 24 44 44
0699_0025_0011_0058_0058.jpg 1 25 11 58 58
0700_0031_0013_0048_0048.jpg 1 31 13 48 48
0701_0013_0017_0051_0051.jpg 1 13 17 51 51
0702_0030_0031_0030_0030.jpg 1 30 31 30 30
0703_0032_0026_0047_0047.jpg 1 32 26 47 47
0704_0007_0026_0068_0068.jpg 1 7 26 68 68
0705_0059_0048_0030_0030.jpg 1 59 48 30 30
0706_0022_0050_0032_0032.jpg 1 22 50 32 32
0707_0026_0015_0024_0024.jpg 1 26 15 24 24
0708_0010_0013_0049_0049.jpg 1 10 13 49 49
0709_0013_0005_0043_0043.jpg 1 13 5 43 43
0710_0021_0041_0035_0035.jpg 1 21 41 35 35
0711_0009_0023_0067_0067.jpg 1 9 23 67 67
0712_0011_0036_0057_0057.jpg 1 11 36 57 57
0713_0022_0019_0069_0069.jpg 1 22 19 69 69
0714_0018_0017_0043_0043.jpg 1 18 17 43 43
0715_0032_0036_0059_0059.jpg 1 32 36 59 59
0716_0009_0040_0031_0031.jpg 1 9 40 31 31
0717_0049_0020_0036_0036.jpg 1 49 20 36 36
0718_0043_0040_0052_0052.jpg 1 43 40 52 52
0719_0027_0020_0055_0055.jpg 1 27 20 55 55
0720_0022_0015_0065_0065.jpg 1 22 15 65 65
0721_0020_0019_0064_0064.jpg 1 20 19 64 64
0722_0040_0020_0044_0044.jpg 1 40 20 44 44
0723_0021_0005_0061_0061.jpg 1 21 5 61 61
0724_0034_0033_0062_0062.jpg 1 34 33 62 62
0725_0035_0025_0026_0026.jpg 1 35 25 26 26
0726_0026_0008_0046_0046.jpg 1 26 8 46 46
0727_0032_0033_0046_0046.jpg 1 32 33 46 46
0728_0022_0035_0028_0028.jpg 1 22 35 28 28
0729_0038_0040_0034_0034.jpg 1 38 40 34 34
0730_0043_0043_0026_0026.jpg 1 43 43 26 26
0731_0024_0009_0066_0066.jpg 1 24 9 66 66
0732_0041_0006_0051_0051.jpg 1 41 6 51 51
0733_0046_0023_0047_0047.jpg 1 46 23 47 47
0734_0052_0049_0033_0033.jpg 1 52 49 33 33
0735_0009_0025_0069_0069.jpg 1 9 25 69 69
0736_0015_0018_0051_0051.jpg 1 15 18 51 51
0737_0031_0029_0046_0046.jpg 1 31 29 46 46
0738_0027_0028_0067_0067.jpg 1 27 28 67 67
0739_0024_0057_0032_0032.jpg 1 24 57 32 32
0740_0013_0035_0056_0056.jpg 1 13 35 56 56
0741_0030_0026_0061_0061.jpg 1 30 26 61 61
0742_0062_0013_0024_0024.jpg 1 62 13 24 24
0743_0044_0037_0027_0027.jpg 1 44 37 27 27
0744_0058_0015_0031_0031.jpg 1 58 15 31 31
0745_0016_0029_0063_0063.jpg 1 16 29 63 63
0746_0016_0058_0034_0034.jpg 1 16 58 34 34
0747_0028_0012_0048_0048.jpg 1 28 12 48 48
0748_0021_0032_0063_0063.jpg 1 21 32 63 63
0749_0010_0017_0061_0061.jpg 1 10 17 61 61
0750_0040_0047_0043_0043.jpg 1 40 47 43 43
0751_0029_0017_0059_0059.jpg 1 29 17 59 59
0752_0028_0024_0067_0067.jpg 1 28 24 67 67
0753_0012_0027_0047_0047.jpg 1 12 27 47 47
0754_0049_0060_0032_0032.jpg 1 49 60 32 32
0755_0006_0010_0057_0057.jpg 1 6 10 57 57
0756_0058_0009_0031_0031.jpg 1 58 9 31 31
0757_0059_0025_0026_0026.jpg 1 59 25 26 26
0758_0042_0015_0044_0044.jpg 1 42 15 44 44
0759_0034_0039_0037_0037.jpg 1 34 39 37 37
0760_0005_0006_0060_0060.jpg 1 5 6 60 60
0761_0028_0014_0050_0050.jpg 1 28 14 50 50
0762_0020_0023_0059_0059.jpg 1 20 23 59 59
0763_0006_0048_0042_0042.jpg 1 6 48 42 42
0764_0053_0016_0027_0027.jpg 1 53 16 27 27
0765_0014_0006_0065_0065.jpg 1 14 6 65 65
0766_0005_0023_0043_0043.jpg 1 5 23 43 43
0767_0042_0060_0031_0031.jpg 1 42 60 31 31
0768_0051_0039_0024_0024.jpg 1 51 39 24 24
0769_0037_0042_0051_0051.jpg 1 37 42 51 51
0770_0037_0061_0026_0026.jpg 1 37 61 26 26
0771_0046_0059_0027_0027.jpg 1 46 59 27 27
0772_0028_0028_0036_0036.jpg 1 28 28 36 36
0773_0006_0022_0059_0059.jpg 1 6 22 59 59
0774_0027_0024_0052_0052.jpg 1 27 24 52 52
0775_0028_0015_0067_0067.jpg 1 28 15 67 67
0776_0017_0004_0069_0069.jpg 1 17 4 69 69
0777_0016_0019_0043_0043.jpg 1 16 19 43 43
0778_0024_0031_0063_0063.jpg 1 24 31 63 63
0779_0027_0026_0049_0049.jpg 1 27 26 49 49
0780_0050_0010_0043_0043.jpg 1 50 10 43 43
0781_0015_0039_0054_0054.jpg 1 15 39 54 54
0782_0036_0031_0050_0050.jpg 1 36 31 50 50
0783_0015_0035_0048_0048.jpg 1 15 35 48 48
0784_0043_0044_0045_0045.jpg 1 43 44 45 45
0785_0059_0044_0027_0027.jpg 1 59 44 27 27
0786_0030_0012_0051_0051.jpg 1 30 12 51 51
0787_0047_0044_0044_0044.jpg 1 47 44 44 44
0788_0016_0026_0067_0067.jpg 1 16 26 67 67
0789_0018_0014_0039_0039.jpg 1 18 14 39 39
0790_0033_0005_0046_0046.jpg 1 33 5 46 46
0791_0008_0004_0065_0065.jpg 1 8 4 65 65
0792_0056_0023_0028_0028.jpg 1 56 23 28 28
0793_0022_0026_0062_0062.jpg 1 22 26 62 62
0794_0028_0024_0058_0058.jpg 1 28 24 58 58
0795_0019_0013_0032_0032.jpg 1 19 13 32 32
0796_0004_0032_0059_0059.jpg 1 4 32 59 59
0797_0032_0032_0034_0034.jpg 1 32 32 34 34
0798_0032_0029_0025_0025.jpg 1 32 29 25 25
0799_0045_0036_0047_0047.jpg 1 45 36 47 47
0800_0031_0045_0030_0030.jpg 1 31 45 30 30
0801_0033_0019_0053_0053.jpg 1 33 19 53 53
0802_0024_0020_0065_0065.jpg 1 24 20 65 65
0803_0005_0014_0052_0052.jpg 1 5 14 52 52
0804_0011_0048_0025_0025.jpg 1 11 48 25 25
0805_0011_0031_0025_0025.jpg 1 11 31 25 25
0806_0057_0036_0035_0035.jpg 1 57 36 35 35
0807_0005_0028_0041_0041.jpg 1 5 28 41 41
0808_0013_0014_0065_0065.jpg 1 13 14 65 65
0809_0040_0027_0036_0036.jpg 1 40 27 36 36
0810_0015_0023_0029_0029.jpg 1 15 23 29 29
0811_0016_0029_0040_0040.jpg 1 16 29 40 40
0812_0035_0047_0039_0039.jpg 1 35 47 39 39
0813_0020_0041_0029_0029.jpg 1 20 41 29 29
0814_0026_0007_0067_0067.jpg 1 26 7 67 67
0815_0008_0023_0050_0050.jpg 1 8 23 50 50
0816_0033_0042_0037_0037.jpg 1 33 42 37 37
0817_0065_0056_0025_0025.jpg 1 65 56 25 25
0818_0017_0028_0053_0053.jpg 1 17 28 53 53
0819_0022_0020_0065_0065.jpg 1 22 20 65 65
0820_0016_0019_0066_0066.jpg 1 16 19 66 66
0821_0013_0034_0060_0060.jpg 1 13 34 60 60
0822_0006_0032_0056_0056.jpg 1 6 32 56 56
0823_0028_0007_0061_0061.jpg 1 28 7 61 61
0824_0029_0013_0052_0052.jpg 1 29 13 52 52
0825_0011_0023_0059_0059.jpg 1 11 23 59 59
0826_0007_0033_0042_0042.jpg 1 7 33 42 42
0827_0014_0020_0044_0044.jpg 1 14 20 44 44
0828_0029_0040_0039_0039.jpg 1 29 40 39 39
0829_0023_0020_0051_0051.jpg 1 23 20 51 51
0830_0022_0030_0052_0052.jpg 1 22 30 52 52
0831_0011_0039_0053_0053.jpg 1 11 39 53 53
0832_0010_0016_0056_0056.jpg 1 10 16 56 56
0833_0045_0013_0038_0038.jpg 1 45 13 38 38
0834_0018_0027_0067_0067.jpg 1 18 27 67 67
0835_0007_0050_0039_0039.jpg 1 7 50 39 39
0836_0028_0017_0046_0046.jpg 1 28 17 46 46
0837_0025_0012_0069_0069.jpg 1 25 12 69 69
0838_0024_0028_0047_0047.jpg 1 24 28 47 47
0839_0063_0016_0026_0026.jpg 1 63 16 26 26
0840_0045_0050_0032_0032.jpg 1 45 50 32 32
0841_0016_0023_0032_0032.jpg 1 16 23 32 32
0842_0051_0025_0024_0024.jpg 1 51 25 24 24
0843_0037_0028_0026_0026.jpg 1 37 28 26 26
0844_0056_0018_0028_0028.jpg 1 56 18 28 28
0845_0029_0008_0046_0046.jpg 1 29 8 46 46
0846_0043_0029_0049_0049.jpg 1 43 29 49 49
0847_0028_0026_0058_0058.jpg 1 28 26 58 58
0848_0036_0008_0031_0031.jpg 1 36 8 31 31
0849_0010_0022_0064_0064.jpg 1 10 22 64 64
0850_0036_0061_0030_0030.jpg 1 36 61 30 30
0851_0013_0015_0055_0055.jpg 1 13 15 55 55
0852_0010_0013_0029_0029.jpg 1 10 13 29 29
0853_0030_0005_0048_0048.jpg 1 30 5 48 48
0854_0033_0039_0037_0037.jpg 1 33 39 37 37
0855_0023_0056_0035_0035.jpg 1 23 56 35 35
0856_0016_0030_0049_0049.jpg 1 16 30 49 49
0857_0024_0038_0048_0048.jpg 1 24 38 48 48
0858_0047_0057_0029_0029.jpg 1 47 57 29 29
0859_0037_0010_0054_0054.jpg 1 37 10 54 54
0860_0017_0053_0035_0035.jpg 1 17 53 35 35
0861_0067_0061_0024_0024.jpg 1 67 61 24 24
0862_0054_0014_0025_0025.jpg 1 54 14 25 25
0863_0030_0005_0063_0063.jpg 1 30 5 63 63
0864_0042_0043_0047_0047.jpg 1 42 43 47 47
0865_0003_0029_0064_0064.jpg 1 3 29 64 64
0866_0029_0015_0041_0041.jpg 1 29 15 41 41
0867_0047_0037_0040_0040.jpg 1 47 37 40 40
0868_0031_0031_0030_0030.jpg 1 31 31 30 30
0869_0020_0047_0031_0031.jpg 1 20 47 31 31
0870_0010_0019_0069_0069.jpg 1 10 19 69 69
0871_0030_0041_0043_0043.jpg 1 30 41 43 43
0872_0039_0010_0048_0048.jpg 1 39 10 48 48
0873_0008_0025_0067_0067.jpg 1 8 25 67 67
0874_0010_0005_0068_0068.jpg 1 10 5 68 68
0875_0040_0028_0025_0025.jpg 1 40 28 25 25
0876_0010_0007_0053_0053.jpg 1 10 7 53 53
0877_0006_0021_0063_0063.jpg 1 6 21 63 63
0878_0039_0048_0043_0043.jpg 1 39 48 43 43
0879_0032_0030_0055_0055.jpg 1 32 30 55 55
0880_0009_0011_0050_0050.jpg 1 9 11 50 50
0881_0047_0031_0044_0044.jpg 1 47 31 44 44
0882_0020_0037_0032_0032.jpg 1 20 37 32 32
0883_0047_0032_0044_0044.jpg 1 47 32 44 44
0884_0021_0010_0068_0068.jpg 1 21 10 68 68
0885_0013_0004_0062_0062.jpg 1 13 4 62 62
0886_0012_0019_0068_0068.jpg 1 12 19 68 68
0887_0026_0026_0057_0057.jpg 1 26 26 57 57
0888_0025_0043_0051_0051.jpg 1 25 43 51 51
0889_0025_0010_0045_0045.jpg 1 25 10 45 45
0890_0036_0019_0058_0058.jpg 1 36 19 58 58
0891_0041_0041_0032_0032.jpg 1 41 41 32 32
0892_0026_0049_0036_0036.jpg 1 26 49 36 36
0893_0021_0038_0052_0052.jpg 1 21 38 52 52
0894_0021_0026_0051_0051.jpg 1 21 26 51 51
0895_0021_0024_0030_0030.jpg 1 21 24 30 30
0896_0028_0019_0064_0064.jpg 1 28 19 64 64
0897_0021_0011_0064_0064.jpg 1 21 11 64 64
0898_0058_0022_0026_0026.jpg 1 58 22 26 26
0899_0064_0019_0027_0027.jpg 1 64 19 27 27
0900_0036_0041_0053_0053.jpg 1 36 41 53 53
0901_0048_0036_0025_0025.jpg 1 48 36 25 25
0902_0024_0021_0058_0058.jpg 1 24 21 58 58
0903_0042_0031_0024_0024.jpg 1 42 31 24 24
0904_0014_0010_0053_0053.jpg 1 14 10 53 53
0905_0029_0006_0051_0051.jpg 1 29 6 51 51
0906_0014_0036_0038_0038.jpg 1 14 36 38 38
0907_0023_0011_0051_0051.jpg 1 23 11 51 51
0908_0039_0041_0036_0036.jpg 1 39 41 36 36
0909_0009_0049_0038_0038.jpg 1 9 49 38 38
0910_0017_0011_0049_0049.jpg 1 17 11 49 49
0911_0013_0049_0043_0043.jpg 1 13 49 43 43
0912_0014_0048_0042_0042.jpg 1 14 48 42 42
0913_0031_0019_0046_0046.jpg 1 31 19 46 46
0914_0027_0017_0062_0062.jpg 1 27 17 62 62
0915_0024_0011_0065_0065.jpg 1 24 11 65 65
0916_0025_0036_0056_0056.jpg 1 25 36 56 56
0917_0027_0011_0055_0055.jpg 1 27 11 55 55
0918_0022_0014_0069_0069.jpg 1 22 14 69 69
0919_0012_0008_0064_0064.jpg 1 12 8 64 64
0920_0010_0038_0054_0054.jpg 1 10 38 54 54
0921_0041_0018_0049_0049.jpg 1 41 18 49 49
0922_0031_0026_0062_0062.jpg 1 31 26 62 62
0923_0040_0041_0049_0049.jpg 1 40 41 49 49
0924_0007_0062_0030_0030.jpg 1 7 62 30 30
0925_0017_0010_0041_0041.jpg 1 17 10 41 41
0926_0015_0019_0063_0063.jpg 1 15 19 63 63
0927_0006_0011_0062_0062.jpg 1 6 11 62 62
0928_0054_0022_0030_0030.jpg 1 54 22 30 30
0929_0017_0010_0052_0052.jpg 1 17 10 52 52
0930_0023_0027_0025_0025.jpg 1 23 27 25 25
0931_0008_0056_0036_0036.jpg 1 8 56 36 36
0932_0040_0032_0025_0025.jpg 1 40 32 25 25
0933_0059_0013_0033_0033.jpg 1 59 13 33 33
0934_0025_0037_0050_0050.jpg 1 25 37 50 50
0935_0011_0052_0032_0032.jpg 1 11 52 32 32
0936_0008_0044_0042_0042.jpg 1 8 44 42 42
0937_0030_0046_0044_0044.jpg 1 30 46 44 44
0938_0027_0050_0041_0041.jpg 1 27 50 41 41
0939_0051_0019_0032_0032.jpg 1 51 19 32 32
0940_0054_0042_0027_0027.jpg 1 54 42 27 27
0941_0029_0046_0039_0039.jpg 1 29 46 39 39
0942_0044_0021_0026_0026.jpg 1 44 21 26 26
0943_0023_0051_0029_0029.jpg 1 23 51 29 29
0944_0025_0031_0044_0044.jpg 1 25 31 44 44
0945_0015_0003_0064_0064.jpg 1 15 3 64 64
0946_0038_0054_0037_0037.jpg 1 38 54 37 37
0947_0016_0016_0069_0069.jpg 1 16 16 69 69
0948_0038_0044_0049_0049.jpg 1 38 44 49 49
0949_0030_0010_0064_0064.jpg 1 30 10 64 64
0950_0012_0020_0047_0047.jpg 1 12 20 47 47
0951_0031_0036_0055_0055.jpg 1 31 36 55 55
0952_0052_0046_0041_0041.jpg 1 52 46 41 41
0953_0029_0011_0062_0062.jpg 1 29 11 62 62
0954_0026_0019_0051_0051.jpg 1 26 19 51 51
0955_0004_0008_0068_0068.jpg 1 4 8 68 68
0956_0020_0012_0058_0058.jpg 1 20 12 58 58
0957_0019_0053_0029_0029.jpg 1 19 53 29 29
0958_0021_0025_0037_0037.jpg 1 21 25 37 37
0959_0057_0054_0031_0031.jpg 1 57 54 31 31
0960_0048_0011_0030_0030.jpg 1 48 11 30 30
0961_0035_0007_0049_0049.jpg 1 35 7 49 49
0962_0011_0033_0046_0046.jpg 1 11 33 46 46
0963_0035_0029_0043_0043.jpg 1 35 29 43 43
0964_0026_0024_0064_0064.jpg 1 26 24 64 64
0965_0029_0008_0059_0059.jpg 1 29 8 59 59
0966_0026_0025_0059_0059.jpg 1 26 25 59 59
0967_0055_0017_0032_0032.jpg 1 55 17 32 32
0968_0062_0012_0024_0024.jpg 1 62 12 24 24
0969_0022_0028_0057_0057.jpg 1 22 28 57 57
0970_0019_0023_0068_0068.jpg 1 19 23 68 68
0971_0060_0056_0028_0028.jpg 1 60 56 28 28
0972_0022_0034_0046_0046.jpg 1 22 34 46 46
0973_0065_0064_0025_0025.jpg 1 65 64 25 25
0974_0041_0006_0048_0048.jpg 1 41 6 48 48
0975_0035_0047_0031_0031.jpg 1 35 47 31 31
0976_0028_0016_0031_0031.jpg 1 28 16 31 31
0977_0013_0019_0065_0065.jpg 1 13 19 65 65
0978_0020_0017_0049_0049.jpg 1 20 17 49 49
0979_0043_0039_0026_0026.jpg 1 43 39 26 26
0980_0012_0005_0056_0056.jpg 1 12 5 56 56
0981_0060_0027_0024_0024.jpg 1 60 27 24 24
0982_0024_0017_0031_0031.jpg 1 24 17 31 31
0983_0031_0005_0059_0059.jpg 1 31 5 59 59
0984_0041_0008_0050_0050.jpg 1 41 8 50 50
0985_0025_0038_0043_0043.jpg 1 25 38 43 43
0986_0036_0017_0030_0030.jpg 1 36 17 30 30
0987_0010_0012_0058_0058.jpg 1 10 12 58 58
0988_0028_0037_0042_0042.jpg 1 28 37 42 42
0989_0020_0017_0068_0068.jpg 1 20 17 68 68
0990_0037_0025_0045_0045.jpg 1 37 25 45 45
0991_0019_0005_0068_0068.jpg 1 19 5 68 68
0992_0016_0007_0061_0061.jpg 1 16 7 61 61
0993_0027_0007_0068_0068.jpg 1 27 7 68 68
0994_0038_0032_0050_0050.jpg 1 38 32 50 50
0995_0034_0005_0061_0061.jpg 1 34 5 61 61
0996_0015_0005_0057_0057.jpg 1 15 5 57 57
0997_0030_0020_0031_0031.jpg 1 30 20 31 31
0998_0005_0022_0064_0064.jpg 1 5 22 64 64
0999_0017_0033_0051_0051.jpg 1 17 33 51 51
1000_0054_0057_0030_0030.jpg 1 54 57 30 30
1001_0051_0043_0031_0031.jpg 1 51 43 31 31
1002_0020_0028_0031_0031.jpg 1 20 28 31 31
1003_0018_0025_0051_0051.jpg 1 18 25 51 51
1004_0016_0025_0036_0036.jpg 1 16 25 36 36
1005_0040_0050_0031_0031.jpg 1 40 50 31 31
1006_0037_0009_0051_0051.jpg 1 37 9 51 51
1007_0011_0021_0065_0065.jpg 1 11 21 65 65
1008_0047_0040_0046_0046.jpg 1 47 40 46 46
1009_0044_0052_0025_0025.jpg 1 44 52 25 25
1010_0028_0045_0042_0042.jpg 1 28 45 42 42
1011_0052_0042_0034_0034.jpg 1 52 42 34 34
1012_0014_0062_0029_0029.jpg 1 14 62 29 29
1013_0057_0035_0025_0025.jpg 1 57 35 25 25
1014_0055_0045_0028_0028.jpg 1 55 45 28 28
1015_0044_0057_0026_0026.jpg 1 44 57 26 26
1016_0045_0042_0032_0032.jpg 1 45 42 32 32
1017_0053_0033_0039_0039.jpg 1 53 33 39 39
1018_0015_0066_0025_0025.jpg 1 15 66 25 25
1019_0042_0023_0029_0029.jpg 1 42 23 29 29
1020_0016_0022_0062_0062.jpg 1 16 22 62 62
1021_0025_0006_0065_0065.jpg 1 25 6 65 65
1022_0004_0007_0052_0052.jpg 1 4 7 52 52
1023_0051_0048_0033_0033.jpg 1 51 48 33 33
1024_0007_0052_0027_0027.jpg 1 7 52 27 27
1025_0029_0036_0056_0056.jpg 1 29 36 56 56
1026_0031_0019_0034_0034.jpg 1 31 19 34 34
1027_0021_0017_0047_0047.jpg 1 21 17 47 47
1028_0018_0025_0062_0062.jpg 1 18 25 62 62
1029_0007_0020_0060_0060.jpg 1 7 20 60 60
1030_0034_0020_0057_0057.jpg 1 34 20 57 57
1031_0038_0014_0057_0057.jpg 1 38 14 57 57
1032_0007_0033_0044_0044.jpg 1 7 33 44 44
1033_0009_0019_0047_0047.jpg 1 9 19 47 47
1034_0008_0015_0059_0059.jpg 1 8 15 59 59
1035_0012_0011_0024_0024.jpg 1 12 11 24 24
1036_0016_0059_0033_0033.jpg 1 16 59 33 33
1037_0048_0009_0043_0043.jpg 1 48 9 43 43
1038_0014_0016_0034_0034.jpg 1 14 16 34 34
1039_0017_0028_0064_0064.jpg 1 17 28 64 64
1040_0008_0027_0067_0067.jpg 1 8 27 67 67
1041_0027_0015_0062_0062.jpg 1 27 15 62 62
1042_0005_0012_0068_0068.jpg 1 5 12 68 68
1043_0018_0024_0046_0046.jpg 1 18 24 46 46
1044_0010_0027_0049_0049.jpg 1 10 27 49 49
1045_0060_0017_0027_0027.jpg 1 60 17 27 27
1046_0042_0040_0040_0040.jpg 1 42 40 40 40
1047_0015_0026_0069_0069.jpg 1 15 26 69 69
1048_0042_0031_0050_0050.jpg 1 42 31 50 50
1049_0014_0019_0048_0048.jpg 1 14 19 48 48
1050_0019_0013_0045_0045.jpg 1 19 13 45 45
1051_0042_0016_0032_0032.jpg 1 42 16 32 32
1052_0063_0057_0026_0026.jpg 1 63 57 26 26
1053_0029_0007_0065_0065.jpg 1 29 7 65 65
1054_0026_0018_0061_0061.jpg 1 26 18 61 61
1055_0027_0010_0062_0062.jpg 1 27 10 62 62
1056_0044_0038_0039_0039.jpg 1 44 38 39 39
1057_0050_0042_0028_0028.jpg 1 50 42 28 28
1058_0022_0005_0056_0056.jpg 1 22 5 56 56
1059_0023_0036_0052_0052.jpg 1 23 36 52 52
1060_0048_0040_0041_0041.jpg 1 48 40 41 41
1061_0008_0014_0052_0052.jpg 1 8 14 52 52
1062_0043_0010_0045_0045.jpg 1 43 10 45 45
1063_0027_0006_0057_0057.jpg 1 27 6 57 57
1064_0051_0026_0037_0037.jpg 1 51 26 37 37
1065_0032_0051_0032_0032.jpg 1 32 51 32 32
1066_0013_0016_0029_0029.jpg 1 13 16 29 29
1067_0009_0043_0047_0047.jpg 1 9 43 47 47
1068_0013_0008_0057_0057.jpg 1 13 8 57 57
1069_0051_0049_0040_0040.jpg 1 51 49 40 40
1070_0048_0048_0043_0043.jpg 1 48 48 43 43
1071_0019_0051_0027_0027.jpg 1 19 51 27 27
1072_0029_0009_0055_0055.jpg 1 29 9 55 55
1073_0028_0010_0066_0066.jpg 1 28 10 66 66
1074_0044_0029_0037_0037.jpg 1 44 29 37 37
1075_0017_0028_0067_0067.jpg 1 17 28 67 67
1076_0038_0056_0031_0031.jpg 1 38 56 31 31
1077_0021_0023_0063_0063.jpg 1 21 23 63 63
1078_0016_0020_0033_0033.jpg 1 16 20 33 33
1079_0038_0034_0053_0053.jpg 1 38 34 53 53
1080_0042_0039_0047_0047.jpg 1 42 39 47 47
1081_0008_0015_0049_0049.jpg 1 8 15 49 49
1082_0020_0020_0058_0058.jpg 1 20 20 58 58
1083_0012_0012_0069_0069.jpg 1 12 12 69 69
1084_0010_0028_0065_0065.jpg 1 10 28 65 65
1085_0007_0017_0062_0062.jpg 1 7 17 62 62
1086_0014_0007_0057_0057.jpg 1 14 7 57 57
1087_0034_0018_0027_0027.jpg 1 34 18 27 27
1088_0012_0018_0065_0065.jpg 1 12 18 65 65
1089_0028_0033_0031_0031.jpg 1 28 33 31 31
1090_0006_0017_0056_0056.jpg 1 6 17 56 56
1091_0037_0008_0057_0057.jpg 1 37 8 57 57
1092_0008_0044_0044_0044.jpg 1 8 44 44 44
1093_0027_0032_0041_0041.jpg 1 27 32 41 41
1094_0005_0041_0049_0049.jpg 1 5 41 49 49
1095_0023_0008_0058_0058.jpg 1 23 8 58 58
1096_0044_0008_0036_0036.jpg 1 44 8 36 36
1097_0026_0024_0049_0049.jpg 1 26 24 49 49
1098_0019_0011_0038_0038.jpg 1 19 11 38 38
1099_0020_0006_0050_0050.jpg 1 20 6 50 50
1100_0057_0038_0028_0028.jpg 1 57 38 28 28
1101_0047_0032_0026_0026.jpg 1 47 32 26 26
1102_0018_0045_0041_0041.jpg 1 18 45 41 41
1103_0042_0020_0025_0025.jpg 1 42 20 25 25
1104_0013_0040_0053_0053.jpg 1 13 40 53 53
1105_0030_0064_0024_0024.jpg 1 30 64 24 24
1106_0034_0027_0055_0055.jpg 1 34 27 55 55
1107_0006_0013_0061_0061.jpg 1 6 13 61 61
1108_0053_0017_0035_0035.jpg 1 53 17 35 35
1109_0030_0008_0048_0048.jpg 1 30 8 48 48
1110_0019_0009_0027_0027.jpg 1 19 9 27 27
1111_0052_0037_0036_0036.jpg 1 52 37 36 36
1112_0062_0058_0026_0026.jpg 1 62 58 26 26
1113_0040_0038_0052_0052.jpg 1 40 38 52 52
1114_0013_0015_0037_0037.jpg 1 13 15 37 37
1115_0005_0016_0050_0050.jpg 1 5 16 50 50
1116_0009_0039_0041_0041.jpg 1 9 39 41 41
1117_0037_0026_0047_0047.jpg 1 37 26 47 47
1118_0017_0035_0044_0044.jpg 1 17 35 44 44
1119_0030_0018_0058_0058.jpg 1 30 18 58 58
1120_0028_0037_0043_0043.jpg 1 28 37 43 43
1121_0021_0019_0059_0059.jpg 1 21 19 59 59
1122_0032_0020_0063_0063.jpg 1 32 20 63 63
1123_0018_0024_0043_0043.jpg 1 18 24 43 43
1124_0011_0050_0040_0040.jpg 1 11 50 40 40
1125_0046_0009_0035_0035.jpg 1 46 9 35 35
1126_0046_0012_0038_0038.jpg 1 46 12 38 38
1127_0027_0042_0030_0030.jpg 1 27 42 30 30
1128_0047_0042_0046_0046.jpg 1 47 42 46 46
1129_0016_0041_0029_0029.jpg 1 16 41 29 29
1130_0019_0023_0059_0059.jpg 1 19 23 59 59
1131_0011_0007_0068_0068.jpg 1 11 7 68 68
1132_0008_0046_0031_0031.jpg 1 8 46 31 31
1133_0035_0049_0043_0043.jpg 1 35 49 43 43
1134_0013_0018_0058_0058.jpg 1 13 18 58 58
1135_0010_0018_0057_0057.jpg 1 10 18 57 57
1136_0053_0059_0029_0029.jpg 1 53 59 29 29
1137_0029_0027_0060_0060.jpg 1 29 27 60 60
1138_0048_0013_0039_0039.jpg 1 48 13 39 39
1139_0006_0034_0047_0047.jpg 1 6 34 47 47
1140_0035_0050_0038_0038.jpg 1 35 50 38 38
1141_0025_0012_0063_0063.jpg 1 25 12 63 63
1142_0012_0005_0063_0063.jpg 1 12 5 63 63
1143_0013_0038_0036_0036.jpg 1 13 38 36 36
1144_0042_0048_0033_0033.jpg 1 42 48 33 33
1145_0026_0040_0053_0053.jpg 1 26 40 53 53
1146_0009_0016_0049_0049.jpg 1 9 16 49 49
1147_0051_0027_0040_0040.jpg 1 51 27 40 40
1148_0045_0031_0048_0048.jpg 1 45 31 48 48
1149_0050_0030_0042_0042.jpg 1 50 30 42 42
1150_0038_0043_0049_0049.jpg 1 38 43 49 49
1151_0022_0008_0064_0064.jpg 1 22 8 64 64
1152_0028_0031_0048_0048.jpg 1 28 31 48 48
1153_0029_0045_0025_0025.jpg 1 29 45 25 25
1154_0006_0014_0057_0057.jpg 1 6 14 57 57
1155_0011_0010_0051_0051.jpg 1 11 10 51 51
1156_0038_0047_0043_0043.jpg 1 38 47 43 43
1157_0020_0008_0026_0026.jpg 1 20 8 26 26
1158_0011_0038_0030_0030.jpg 1 11 38 30 30
1159_0015_0007_0052_0052.jpg 1 15 7 52 52
1160_0015_0020_0052_0052.jpg 1 15 20 52 52
1161_0028_0022_0034_0034.jpg 1 28 22 34 34
1162_0031_0037_0052_0052.jpg 1 31 37 52 52
1163_0035_0037_0046_0046.jpg 1 35 37 46 46
1164_0023_0050_0039_0039.jpg 1 23 50 39 39
1165_0027_0017_0039_0039.jpg 1 27 17 39 39
1166_0009_0013_0055_0055.jpg 1 9 13 55 55
1167_0011_0017_0065_0065.jpg 1 11 17 65 65
1168_0034_0021_0045_0045.jpg 1 34 21 45 45
1169_0053_0037_0028_0028.jpg 1 53 37 28 28
1170_0051_0032_0036_0036.jpg 1 51 32 36 36
1171_0047_0030_0025_0025.jpg 1 47 30 25 25
1172_0025_0013_0063_0063.jpg 1 25 13 63 63
1173_0047_0047_0043_0043.jpg 1 47 47 43 43
1174_0011_0021_0058_0058.jpg 1 11 21 58 58
1175_0007_0024_0043_0043.jpg 1 7 24 43 43
1176_0027_0052_0039_0039.jpg 1 27 52 39 39
1177_0019_0030_0062_0062.jpg 1 19 30 62 62
1178_0020_0035_0034_0034.jpg 1 20 35 34 34
1179_0029_0037_0041_0041.jpg 1 29 37 41 41
1180_0054_0050_0035_0035.jpg 1 54 50 35 35
1181_0014_0008_0024_0024.jpg 1 14 8 24 24
1182_0011_0024_0036_0036.jpg 1 11 24 36 36
1183_0010_0007_0067_0067.jpg 1 10 7 67 67
1184_0007_0011_0040_0040.jpg 1 7 11 40 40
1185_0031_0015_0058_0058.jpg 1 31 15 58 58
1186_0028_0024_0067_0067.jpg 1 28 24 67 67
1187_0032_0023_0038_0038.jpg 1 32 23 38 38
1188_0044_0009_0044_0044.jpg 1 44 9 44 44
1189_0037_0019_0025_0025.jpg 1 37 19 25 25
1190_0009_0022_0069_0069.jpg 1 9 22 69 69
1191_0010_0005_0051_0051.jpg 1 10 5 51 51
1192_0008_0026_0062_0062.jpg 1 8 26 62 62
1193_0015_0051_0031_0031.jpg 1 15 51 31 31
1194_0049_0050_0033_0033.jpg 1 49 50 33 33
1195_0016_0011_0056_0056.jpg 1 16 11 56 56
1196_0037_0036_0052_0052.jpg 1 37 36 52 52
1197_0030_0022_0040_0040.jpg 1 30 22 40 40
1198_0009_0027_0053_0053.jpg 1 9 27 53 53
1199_0023_0027_0051_0051.jpg 1 23 27 51 51
1200_0022_0010_0048_0048.jpg 1 22 10 48 48
1201_0041_0028_0044_0044.jpg 1 41 28 44 44
1202_0058_0035_0034_0034.jpg 1 58 35 34 34
1203_0041_0039_0045_0045.jpg 1 41 39 45 45
1204_0028_0045_0033_0033.jpg 1 28 45 33 33
1205_0028_0045_0025_0025.jpg 1 28 45 25 25
1206_0021_0026_0049_0049.jpg 1 21 26 49 49
1207_0020_0033_0057_0057.jpg 1 20 33 57 57
1208_0023_0013_0046_0046.jpg 1 23 13 46 46
1209_0013_0022_0028_0028.jpg 1 13 22 28 28
1210_0016_0029_0055_0055.jpg 1 16 29 55 55
1211_0015_0014_0065_0065.jpg 1 15 14 65 65
1212_0028_0031_0061_0061.jpg 1 28 31 61 61
1213_0051_0060_0029_0029.jpg 1 51 60 29 29
1214_0027_0035_0055_0055.jpg 1 27 35 55 55
1215_0029_0047_0031_0031.jpg 1 29 47 31 31
1216_0003_0009_0068_0068.jpg 1 3 9 68 68
1217_0034_0037_0027_0027.jpg 1 34 37 27 27
1218_0008_0028_0067_0067.jpg 1 8 28 67 67
1219_0047_0046_0025_0025.jpg 1 47 46 25 25
1220_0019_0010_0026_0026.jpg 1 19 10 26 26
1221_0004_0021_0066_0066.jpg 1 4 21 66 66
1222_0008_0012_0043_0043.jpg 1 8 12 43 43
1223_0019_0019_0052_0052.jpg 1 19 19 52 52
1224_0019_0017_0036_0036.jpg 1 19 17 36 36
1225_0026_0033_0045_0045.jpg 1 26 33 45 45
1226_0005_0030_0066_0066.jpg 1 5 30 66 66
1227_0030_0004_0060_0060.jpg 1 30 4 60 60
1228_0010_0021_0041_0041.jpg 1 10 21 41 41
1229_0017_0006_0049_0049.jpg 1 17 6 49 49
1230_0014_0023_0027_0027.jpg 1 14 23 27 27
1231_0011_0010_0050_0050.jpg 1 11 10 50 50
1232_0033_0005_0045_0045.jpg 1 33 5 45 45
1233_0024_0008_0066_0066.jpg 1 24 8 66 66
1234_0063_0048_0027_0027.jpg 1 63 48 27 27
1235_0013_0028_0043_0043.jpg 1 13 28 43 43
1236_0061_0066_0026_0026.jpg 1 61 66 26 26
1237_0060_0067_0025_0025.jpg 1 60 67 25 25
1238_0025_0021_0065_0065.jpg 1 25 21 65 65
1239_0039_0017_0052_0052.jpg 1 39 17 52 52
1240_0047_0023_0037_0037.jpg 1 47 23 37 37
1241_0061_0027_0025_0025.jpg 1 61 27 25 25
1242_0022_0019_0051_0051.jpg 1 22 19 51 51
1243_0048_0011_0024_0024.jpg 1 48 11 24 24
1244_0053_0018_0032_0032.jpg 1 53 18 32 32
1245_0021_0019_0025_0025.jpg 1 21 19 25 25
1246_0045_0052_0025_0025.jpg 1 45 52 25 25
1247_0034_0011_0058_0058.jpg 1 34 11 58 58
1248_0030_0020_0061_0061.jpg 1 30 20 61 61
1249_0017_0008_0042_0042.jpg 1 17 8 42 42
1250_0007_0040_0041_0041.jpg 1 7 40 41 41
1251_0017_0046_0025_0025.jpg 1 17 46 25 25
1252_0016_0029_0062_0062.jpg 1 16 29 62 62
1253_0029_0062_0026_0026.jpg 1 29 62 26 26
1254_0016_0025_0061_0061.jpg 1 16 25 61 61
1255_0026_0017_0066_0066.jpg 1 26 17 66 66
1256_0048_0018_0045_0045.jpg 1 48 18 45 45
1257_0018_0027_0060_0060.jpg 1 18 27 60 60
1258_0032_0032_0041_0041.jpg 1 32 32 41 41
1259_0012_0007_0051_0051.jpg 1 12 7 51 51
1260_0006_0007_0044_0044.jpg 1 6 7 44 44
1261_0062_0013_0029_0029.jpg 1 62 13 29 29
1262_0010_0036_0037_0037.jpg 1 10 36 37 37
1263_0012_0031_0061_0061.jpg 1 12 31 61 61
1264_0027_0013_0056_0056.jpg 1 27 13 56 56
1265_0045_0063_0027_0027.jpg 1 45 63 27 27
1266_0021_0028_0033_0033.jpg 1 21 28 33 33
1267_0037_0048_0026_0026.jpg 1 37 48 26 26
1268_0030_0040_0050_0050.jpg 1 30 40 50 50
1269_0021_0016_0051_0051.jpg 1 21 16 51 51
1270_0009_0019_0027_0027.jpg 1 9 19 27 27
1271_0027_0009_0055_0055.jpg 1 27 9 55 55
1272_0050_0014_0028_0028.jpg 1 50 14 28 28
1273_0014_0035_0052_0052.jpg 1 14 35 52 52
1274_0019_0037_0055_0055.jpg 1 19 37 55 55
1275_0050_0050_0032_0032.jpg 1 50 50 32 32
1276_0029_0009_0066_0066.jpg 1 29 9 66 66
1277_0029_0036_0032_0032.jpg 1 29 36 32 32
1278_0019_0009_0069_0069.jpg 1 19 9 69 69
1279_0047_0039_0042_0042.jpg 1 47 39 42 42
1280_0028_0029_0050_0050.jpg 1 28 29 50 50
1281_0019_0028_0062_0062.jpg 1 19 28 62 62
1282_0016_0023_0033_0033.jpg 1 16 23 33 33
1283_0009_0023_0034_0034.jpg 1 9 23 34 34
1284_0019_0010_0068_0068.jpg 1 19 10 68 68
1285_0017_0033_0042_0042.jpg 1 17 33 42 42
1286_0017_0016_0052_0052.jpg 1 17 16 52 52
1287_0030_0029_0042_0042.jpg 1 30 29 42 42
1288_0016_0020_0050_0050.jpg 1 16 20 50 50
1289_0047_0014_0044_0044.jpg 1 47 14 44 44
1290_0009_0018_0061_0061.jpg 1 9 18 61 61
1291_0039_0018_0054_0054.jpg 1 39 18 54 54
1292_0026_0019_0054_0054.jpg 1 26 19 54 54
1293_0050_0028_0042_0042.jpg 1 50 28 42 42
1294_0025_0023_0044_0044.jpg 1 25 23 44 44
1295_0019_0034_0051_0051.jpg 1 19 34 51 51
1296_0065_0022_0026_0026.jpg 1 65 22 26 26
1297_0028_0018_0068_0068.jpg 1 28 18 68 68
1298_0056_0011_0031_0031.jpg 1 56 11 31 31
1299_0021_0010_0059_0059.jpg 1 21 10 59 59
1300_0018_0036_0044_0044.jpg 1 18 36 44 44
1301_0011_0012_0056_0056.jpg 1 11 12 56 56
1302_0019_0034_0056_0056.jpg 1 19 34 56 56
1303_0037_0060_0031_0031.jpg 1 37 60 31 31
1304_0012_0037_0033_0033.jpg 1 12 37 33 33
1305_0013_0015_0059_0059.jpg 1 13 15 59 59
1306_0029_0033_0053_0053.jpg 1 29 33 53 53
1307_0054_0028_0036_0036.jpg 1 54 28 36 36
1308_0061_0063_0029_0029.jpg 1 61 63 29 29
1309_0011_0026_0049_0049.jpg 1 11 26 49 49
1310_0066_0011_0026_0026.jpg 1 66 11 26 26
1311_0021_0019_0066_0066.jpg 1 21 19 66 66
1312_0014_0015_0048_0048.jpg 1 14 15 48 48
1313_0053_0007_0034_0034.jpg 1 53 7 34 34
1314_0003_0015_0066_0066.jpg 1 3 15 66 66
1315_0023_0031_0060_0060.jpg 1 23 31 60 60
1316_0037_0034_0053_0053.jpg 1 37 34 53 53
1317_0036_0043_0031_0031.jpg 1 36 43 31 31
1318_0033_0022_0051_0051.jpg 1 33 22 51 51
1319_0027_0005_0068_0068.jpg 1 27 5 68 68
1320_0005_0016_0064_0064.jpg 1 5 16 64 64
1321_0043_0020_0052_0052.jpg 1 43 20 52 52
1322_0013_0021_0057_0057.jpg 1 13 21 57 57
1323_0044_0062_0025_0025.jpg 1 44 62 25 25
1324_0007_0025_0029_0029.jpg 1 7 25 29 29
1325_0008_0004_0060_0060.jpg 1 8 4 60 60
1326_0015_0015_0028_0028.jpg 1 15 15 28 28
1327_0016_0017_0045_0045.jpg 1 16 17 45 45
1328_0046_0049_0039_0039.jpg 1 46 49 39 39
1329_0031_0013_0057_0057.jpg 1 31 13 57 57
1330_0035_0053_0027_0027.jpg 1 35 53 27 27
1331_0046_0020_0034_0034.jpg 1 46 20 34 34
1332_0007_0049_0025_0025.jpg 1 7 49 25 25
1333_0029_0006_0048_0048.jpg 1 29 6 48 48
1334_0063_0043_0025_0025.jpg 1 63 43 25 25
1335_0009_0022_0034_0034.jpg 1 9 22 34 34
1336_0033_0050_0024_0024.jpg 1 33 50 24 24
1337_0041_0036_0038_0038.jpg 1 41 36 38 38
1338_0032_0041_0038_0038.jpg 1 32 41 38 38
1339_0037_0055_0032_0032.jpg 1 37 55 32 32
1340_0013_0025_0042_0042.jpg 1 13 25 42 42
1341_0005_0035_0048_0048.jpg 1 5 35 48 48
1342_0016_0051_0026_0026.jpg 1 16 51 26 26
1343_0006_0012_0063_0063.jpg 1 6 12 63 63
1344_0052_0017_0038_0038.jpg 1 52 17 38 38
1345_0010_0017_0064_0064.jpg 1 10 17 64 64
1346_0040_0042_0052_0052.jpg 1 40 42 52 52
1347_0037_0015_0049_0049.jpg 1 37 15 49 49
1348_0035_0030_0057_0057.jpg 1 35 30 57 57
1349_0019_0022_0068_0068.jpg 1 19 22 68 68
1350_0039_0034_0038_0038.jpg 1 39 34 38 38
1351_0011_0030_0037_0037.jpg 1 11 30 37 37
1352_0013_0014_0051_0051.jpg 1 13 14 51 51
1353_0004_0010_0055_0055.jpg 1 4 10 55 55
1354_0022_0046_0031_0031.jpg 1 22 46 31 31
1355_0016_0031_0064_0064.jpg 1 16 31 64 64
1356_0008_0027_0063_0063.jpg 1 8 27 63 63
1357_0020_0028_0065_0065.jpg 1 20 28 65 65
1358_0008_0046_0047_0047.jpg 1 8 46 47 47
1359_0039_0013_0042_0042.jpg 1 39 13 42 42
1360_0018_0011_0040_0040.jpg 1 18 11 40 40
1361_0014_0007_0069_0069.jpg 1 14 7 69 69
1362_0041_0027_0044_0044.jpg 1 41 27 44 44
1363_0010_0027_0063_0063.jpg 1 10 27 63 63
1364_0026_0027_0060_0060.jpg 1 26 27 60 60
1365_0010_0032_0052_0052.jpg 1 10 32 52 52
1366_0024_0037_0050_0050.jpg 1 24 37 50 50
1367_0009_0016_0055_0055.jpg 1 9 16 55 55
1368_0045_0036_0039_0039.jpg 1 45 36 39 39
1369_0032_0009_0061_0061.jpg 1 32 9 61 61
1370_0038_0022_0054_0054.jpg 1 38 22 54 54
1371_0022_0016_0045_0045.jpg 1 22 16 45 45
1372_0010_0003_0066_0066.jpg 1 10 3 66 66
1373_0054_0033_0037_0037.jpg 1 54 33 37 37
1374_0008_0006_0045_0045.jpg 1 8 6 45 45
1375_0009_0054_0035_0035.jpg 1 9 54 35 35
1376_0008_0007_0059_0059.jpg 1 8 7 59 59
1377_0010_0043_0051_0051.jpg 1 10 43 51 51
1378_0024_0026_0038_0038.jpg 1 24 26 38 38
1379_0027_0032_0058_0058.jpg 1 27 32 58 58
1380_0008_0006_0041_0041.jpg 1 8 6 41 41
1381_0030_0029_0063_0063.jpg 1 30 29 63 63
1382_0033_0010_0062_0062.jpg 1 33 10 62 62
1383_0018_0034_0039_0039.jpg 1 18 34 39 39
1384_0030_0027_0061_0061.jpg 1 30 27 61 61
1385_0019_0059_0025_0025.jpg 1 19 59 25 25
1386_0058_0056_0033_0033.jpg 1 58 56 33 33
1387_0007_0042_0042_0042.jpg 1 7 42 42 42
1388_0004_0035_0059_0059.jpg 1 4 35 59 59
1389_0013_0027_0056_0056.jpg 1 13 27 56 56
1390_0012_0020_0067_0067.jpg 1 12 20 67 67
1391_0008_0026_0057_0057.jpg 1 8 26 57 57
1392_0040_0032_0054_0054.jpg 1 40 32 54 54
1393_0009_0027_0066_0066.jpg 1 9 27 66 66
1394_0021_0012_0067_0067.jpg 1 21 12 67 67
1395_0017_0034_0060_0060.jpg 1 17 34 60 60
1396_0022_0033_0041_0041.jpg 1 22 33 41 41
1397_0025_0007_0041_0041.jpg 1 25 7 41 41
1398_0010_0005_0050_0050.jpg 1 10 5 50 50
1399_0035_0033_0051_0051.jpg 1 35 33 51 51
1400_0016_0012_0069_0069.jpg 1 16 12 69 69
1401_0042_0019_0050_0050.jpg 1 42 19 50 50
1402_0007_0011_0058_0058.jpg 1 7 11 58 58
1403_0030_0030_0063_0063.jpg 1 30 30 63 63
1404_0025_0018_0040_0040.jpg 1 25 18 40 40
1405_0015_0059_0027_0027.jpg 1 15 59 27 27
1406_0043_0036_0038_0038.jpg 1 43 36 38 38
1407_0050_0028_0030_0030.jpg 1 50 28 30 30
1408_0048_0018_0045_0045.jpg 1 48 18 45 45
1409_0056_0061_0031_0031.jpg 1 56 61 31 31
1410_0013_0041_0033_0033.jpg 1 13 41 33 33
1411_0015_0029_0036_0036.jpg 1 15 29 36 36
1412_0020_0039_0029_0029.jpg 1 20 39 29 29
1413_0044_0034_0048_0048.jpg 1 44 34 48 48
1414_0037_0039_0034_0034.jpg 1 37 39 34 34
1415_0032_0026_0061_0061.jpg 1 32 26 61 61
1416_0026_0004_0062_0062.jpg 1 26 4 62 62
1417_0018_0033_0055_0055.jpg 1 18 33 55 55
1418_0034_0038_0053_0053.jpg 1 34 38 53 53
1419_0005_0005_0067_0067.jpg 1 5 5 67 67
1420_0008_0025_0049_0049.jpg 1 8 25 49 49
1421_0009_0038_0055_0055.jpg 1 9 38 55 55
1422_0006_0029_0046_0046.jpg 1 6 29 46 46
1423_0015_0055_0038_0038.jpg 1 15 55 38 38
1424_0015_0008_0060_0060.jpg 1 15 8 60 60
1425_0053_0022_0029_0029.jpg 1 53 22 29 29
1426_0006_0014_0055_0055.jpg 1 6 14 55 55
1427_0017_0033_0059_0059.jpg 1 17 33 59 59
1428_0003_0024_0067_0067.jpg 1 3 24 67 67
1429_0026_0038_0039_0039.jpg 1 26 38 39 39
1430_0016_0012_0043_0043.jpg 1 16 12 43 43
1431_0043_0019_0029_0029.jpg 1 43 19 29 29
1432_0053_0013_0031_0031.jpg 1 53 13 31 31
1433_0026_0031_0052_0052.jpg 1 26 31 52 52
1434_0029_0032_0061_0061.jpg 1 29 32 61 61
1435_0044_0025_0037_0037.jpg 1 44 25 37 37
1436_0041_0034_0051_0051.jpg 1 41 34 51 51
1437_0037_0015_0029_0029.jpg 1 37 15 29 29
1438_0036_0025_0050_0050.jpg 1 36 25 50 50
1439_0008_0009_0068_0068.jpg 1 8 9 68 68
1440_0008_0009_0065_0065.jpg 1 8 9 65 65
1441_0042_0017_0036_0036.jpg 1 42 17 36 36
1442_0057_0054_0034_0034.jpg 1 57 54 34 34
1443_0004_0028_0065_0065.jpg 1 4 28 65 65
1444_0007_0005_0066_0066.jpg 1 7 5 66 66
1445_0028_0011_0045_0045.jpg 1 28 11 45 45
1446_0058_0044_0029_0029.jpg 1 58 44 29 29
1447_0048_0044_0042_0042.jpg 1 48 44 42 42
1448_0037_0052_0025_0025.jpg 1 37 52 25 25
1449_0005_0019_0066_0066.jpg 1 5 19 66 66
1450_0015_0030_0027_0027.jpg 1 15 30 27 27
1451_0039_0017_0055_0055.jpg 1 39 17 55 55
1452_0030_0017_0059_0059.jpg 1 30 17 59 59
1453_0021_0039_0048_0048.jpg 1 21 39 48 48
1454_0036_0035_0052_0052.jpg 1 36 35 52 52
1455_0025_0009_0033_0033.jpg 1 25 9 33 33
1456_0041_0017_0053_0053.jpg 1 41 17 53 53
1457_0025_0017_0062_0062.jpg 1 25 17 62 62
1458_0016_0028_0057_0057.jpg 1 16 28 57 57
1459_0056_0043_0028_0028.jpg 1 56 43 28 28
1460_0009_0012_0049_0049.jpg 1 9 12 49 49
1461_0029_0034_0041_0041.jpg 1 29 34 41 41
1462_0009_0026_0069_0069.jpg 1 9 26 69 69
1463_0035_0038_0046_0046.jpg 1 35 38 46 46
1464_0011_0025_0058_0058.jpg 1 11 25 58 58
1465_0015_0020_0062_0062.jpg 1 15 20 62 62
1466_0043_0019_0032_0032.jpg 1 43 19 32 32
1467_0011_0020_0063_0063.jpg 1 11 20 63 63
1468_0018_0050_0028_0028.jpg 1 18 50 28 28
1469_0027_0009_0067_0067.jpg 1 27 9 67 67
1470_0023_0041_0037_0037.jpg 1 23 41 37 37
1471_0023_0017_0068_0068.jpg 1 23 17 68 68
1472_0028_0015_0046_0046.jpg 1 28 15 46 46
1473_0029_0058_0027_0027.jpg 1 29 58 27 27
1474_0043_0039_0033_0033.jpg 1 43 39 33 33
1475_0015_0036_0057_0057.jpg 1 15 36 57 57
1476_0053_0032_0025_0025.jpg 1 53 32 25 25
1477_0029_0012_0054_0054.jpg 1 29 12 54 54
1478_0014_0032_0060_0060.jpg 1 14 32 60 60
1479_0020_0005_0067_0067.jpg 1 20 5 67 67
1480_0030_0017_0045_0045.jpg 1 30 17 45 45
1481_0046_0015_0043_0043.jpg 1 46 15 43 43
1482_0025_0050_0042_0042.jpg 1 25 50 42 42
1483_0005_0026_0052_0052.jpg 1 5 26 52 52
1484_0024_0042_0050_0050.jpg 1 24 42 50 50
1485_0021_0029_0066_0066.jpg 1 21 29 66 66
1486_0039_0008_0036_0036.jpg 1 39 8 36 36
1487_0019_0024_0024_0024.jpg 1 19 24 24 24
1488_0043_0015_0042_0042.jpg 1 43 15 42 42
1489_0036_0018_0025_0025.jpg 1 36 18 25 25
1490_0025_0054_0027_0027.jpg 1 25 54 27 27
1491_0047_0008_0037_0037.jpg 1 47 8 37 37
1492_0051_0014_0026_0026.jpg 1 51 14 26 26
1493_0012_0027_0068_0068.jpg 1 12 27 68 68
1494_0025_0015_0034_0034.jpg 1 25 15 34 34
1495_0005_0007_0051_0051.jpg 1 5 7 51 51
1496_0030_0032_0032_0032.jpg 1 30 32 32 32
1497_0048_0056_0031_0031.jpg 1 48 56 31 31
1498_0012_0005_0068_0068.jpg 1 12 5 68 68
1499_0038_0031_0049_0049.jpg 1 38 31 49 49
1500_0037_0029_0043_0043.jpg 1 37 29 43 43
1501_0048_0033_0032_0032.jpg 1 48 33 32 32
1502_0017_0019_0060_0060.jpg 1 17 19 60 60
1503_0028_0012_0066_0066.jpg 1 28 12 66 66
1504_0040_0008_0054_0054.jpg 1 40 8 54 54
1505_0038_0037_0038_0038.jpg 1 38 37 38 38
1506_0010_0041_0052_0052.jpg 1 10 41 52 52
1507_0024_0020_0042_0042.jpg 1 24 20 42 42
1508_0039_0008_0048_0048.jpg 1 39 8 48 48
1509_0025_0026_0064_0064.jpg 1 25 26 64 64
1510_0036_0026_0027_0027.jpg 1 36 26 27 27
1511_0016_0027_0051_0051.jpg 1 16 27 51 51
1512_0006_0013_0067_0067.jpg 1 6 13 67 67
1513_0013_0020_0049_0049.jpg 1 13 20 49 49
1514_0040_0008_0026_0026.jpg 1 40 8 26 26
1515_0023_0016_0042_0042.jpg 1 23 16 42 42
1516_0003_0028_0066_0066.jpg 1 3 28 66 66
1517_0011_0019_0052_0052.jpg 1 11 19 52 52
1518_0032_0029_0032_0032.jpg 1 32 29 32 32
1519_0039_0033_0056_0056.jpg 1 39 33 56 56
1520_0028_0022_0027_0027.jpg 1 28 22 27 27
1521_0016_0018_0063_0063.jpg 1 16 18 63 63
1522_0024_0016_0061_0061.jpg 1 24 16 61 61
1523_0031_0022_0057_0057.jpg 1 31 22 57 57
1524_0043_0066_0026_0026.jpg 1 43 66 26 26
1525_0059_0062_0027_0027.jpg 1 59 62 27 27
1526_0044_0012_0033_0033.jpg 1 44 12 33 33
1527_0019_0006_0056_0056.jpg 1 19 6 56 56
1528_0006_0017_0069_0069.jpg 1 6 17 69 69
1529_0038_0027_0057_0057.jpg 1 38 27 57 57
1530_0057_0017_0024_0024.jpg 1 57 17 24 24
1531_0042_0052_0031_0031.jpg 1 42 52 31 31
1532_0026_0016_0050_0050.jpg 1 26 16 50 50
1533_0044_0065_0025_0025.jpg 1 44 65 25 25
1534_0006_0009_0059_0059.jpg 1 6 9 59 59
1535_0016_0020_0040_0040.jpg 1 16 20 40 40
1536_0060_0034_0032_0032.jpg 1 60 34 32 32
1537_0038_0011_0027_0027.jpg 1 38 11 27 27
1538_0027_0008_0066_0066.jpg 1 27 8 66 66
1539_0027_0011_0046_0046.jpg 1 27 11 46 46
1540_0026_0040_0028_0028.jpg 1 26 40 28 28
1541_0019_0026_0028_0028.jpg 1 19 26 28 28
1542_0012_0025_0033_0033.jpg 1 12 25 33 33
1543_0022_0029_0034_0034.jpg 1 22 29 34 34
1544_0048_0047_0045_0045.jpg 1 48 47 45 45
1545_0007_0028_0033_0033.jpg 1 7 28 33 33
1546_0034_0035_0060_0060.jpg 1 34 35 60 60
1547_0021_0037_0037_0037.jpg 1 21 37 37 37
1548_0026_0033_0050_0050.jpg 1 26 33 50 50
1549_0009_0022_0067_0067.jpg 1 9 22 67 67
1550_0019_0018_0024_0024.jpg 1 19 18 24 24
1551_0042_0007_0047_0047.jpg 1 42 7 47 47
1552_0021_0024_0025_0025.jpg 1 21 24 25 25
1553_0024_0017_0060_0060.jpg 1 24 17 60 60
1554_0015_0015_0061_0061.jpg 1 15 15 61 61
1555_0021_0031_0059_0059.jpg 1 21 31 59 59
1556_0030_0035_0041_0041.jpg 1 30 35 41 41
1557_0032_0008_0046_0046.jpg 1 32 8 46 46
1558_0040_0018_0052_0052.jpg 1 40 18 52 52
1559_0057_0008_0034_0034.jpg 1 57 8 34 34
1560_0043_0046_0047_0047.jpg 1 43 46 47 47
1561_0009_0018_0066_0066.jpg 1 9 18 66 66
1562_0026_0011_0054_0054.jpg 1 26 11 54 54
1563_0039_0043_0041_0041.jpg 1 39 43 41 41
1564_0008_0056_0033_0033.jpg 1 8 56 33 33
1565_0019_0012_0048_0048.jpg 1 19 12 48 48
1566_0024_0017_0067_0067.jpg 1 24 17 67 67
1567_0022_0017_0042_0042.jpg 1 22 17 42 42
1568_0025_0017_0038_0038.jpg 1 25 17 38 38
1569_0048_0020_0045_0045.jpg 1 48 20 45 45
1570_0055_0019_0037_0037.jpg 1 55 19 37 37
1571_0020_0037_0043_0043.jpg 1 20 37 43 43
1572_0027_0029_0064_0064.jpg 1 27 29 64 64
1573_0017_0013_0064_0064.jpg 1 17 13 64 64
1574_0021_0026_0063_0063.jpg 1 21 26 63 63
1575_0032_0037_0049_0049.jpg 1 32 37 49 49
1576_0025_0010_0069_0069.jpg 1 25 10 69 69
1577_0011_0020_0053_0053.jpg 1 11 20 53 53
1578_0032_0020_0038_0038.jpg 1 32 20 38 38
1579_0007_0017_0068_0068.jpg 1 7 17 68 68
1580_0058_0053_0032_0032.jpg 1 58 53 32 32
1581_0010_0036_0033_0033.jpg 1 10 36 33 33
1582_0016_0006_0066_0066.jpg 1 16 6 66 66
1583_0057_0044_0027_0027.jpg 1 57 44 27 27
1584_0028_0035_0055_0055.jpg 1 28 35 55 55
1585_0013_0032_0048_0048.jpg 1 13 32 48 48
1586_0031_0017_0058_0058.jpg 1 31 17 58 58
1587_0010_0014_0060_0060.jpg 1 10 14 60 60
1588_0033_0050_0030_0030.jpg 1 33 50 30 30
1589_0024_0013_0068_0068.jpg 1 24 13 68 68
1590_0016_0041_0049_0049.jpg 1 16 41 49 49
1591_0015_0005_0044_0044.jpg 1 15 5 44 44
1592_0013_0025_0064_0064.jpg 1 13 25 64 64
1593_0005_0008_0068_0068.jpg 1 5 8 68 68
1594_0013_0013_0069_0069.jpg 1 13 13 69 69
1595_0034_0034_0052_0052.jpg 1 34 34 52 52
1596_0017_0007_0033_0033.jpg 1 17 7 33 33
1597_0023_0055_0034_0034.jpg 1 23 55 34 34
1598_0011_0030_0062_0062.jpg 1 11 30 62 62
1599_0017_0025_0063_0063.jpg 1 17 25 63 63
1600_0024_0010_0065_0065.jpg 1 24 10 65 65
